2024/04/05 04:07:03.899 [I] [user_controller.go:43]  login request: {Mdn:6281787765454 Password:123abc}
2024/04/05 04:07:03.990 [W] [user_controller.go:43]  [1712264823893602000] Failed to find user by mdn: Error 1054: Unknown column 'T0.is_unlimited_swipe' in 'field list'
2024/04/05 04:07:03.991 [D] [server.go:2947]  |            ::1|[97;42m 200 [0m|  99.552334ms|   match|[97;46m POST    [0m /1.0/users/login   r:/1.0/users/login
2024/04/05 04:07:59.372 [I] [user_controller.go:43]  login request: {Mdn:6281787765454 Password:123abc}
2024/04/05 04:08:01.121 [D] [server.go:2947]  |            ::1|[97;42m 200 [0m| 1.750279958s|   match|[97;46m POST    [0m /1.0/users/login   r:/1.0/users/login
2024/04/05 04:12:28.377 [I] [user_controller.go:26]  registerUser request: {Email:john.doe@gmail.com Mdn:6281787765456 UserName:john FullName:John Doe Address:Jl. Pangandaran 100 DateOfBirth:1992-01-01 Gender:M Password:123abc ConfirmPassword:123abc}
2024/04/05 04:12:30.174 [D] [server.go:2947]  |            ::1|[97;42m 200 [0m| 1.800032083s|   match|[97;46m POST    [0m /1.0/users/register   r:/1.0/users/register
2024/04/05 04:14:01.655 [I] [asm_arm64.s:1172]  http server Running on http://:20000
2024/04/05 04:14:01.655 [I] [asm_arm64.s:1172]  Admin server Running on localhost:20001
2024/04/05 04:16:35.852 [I] [asm_arm64.s:1172]  http server Running on http://:20000
2024/04/05 04:16:35.852 [I] [asm_arm64.s:1172]  Admin server Running on localhost:20001
2024/04/05 04:16:54.065 [I] [asm_arm64.s:1172]  http server Running on http://:20000
2024/04/05 04:16:54.065 [I] [asm_arm64.s:1172]  Admin server Running on localhost:20001
2024/04/05 04:17:25.898 [I] [asm_arm64.s:1172]  http server Running on http://:20000
2024/04/05 04:17:25.898 [I] [asm_arm64.s:1172]  Admin server Running on localhost:20001
2024/04/05 04:17:31.600 [I] [asm_arm64.s:1172]  http server Running on http://:20000
2024/04/05 04:17:31.600 [I] [asm_arm64.s:1172]  Admin server Running on localhost:20001
2024/04/05 04:17:44.090 [I] [asm_arm64.s:1172]  Admin server Running on localhost:20001
2024/04/05 04:17:44.090 [I] [asm_arm64.s:1172]  http server Running on http://:20000
2024/04/05 04:17:50.848 [I] [asm_arm64.s:1172]  http server Running on http://:20000
2024/04/05 04:17:50.848 [I] [asm_arm64.s:1172]  Admin server Running on localhost:20001
2024/04/05 04:19:48.754 [I] [asm_arm64.s:1172]  http server Running on http://:20000
2024/04/05 04:19:48.754 [I] [asm_arm64.s:1172]  Admin server Running on localhost:20001
2024/04/05 04:19:50.999 [I] [asm_arm64.s:1172]  http server Running on http://:20000
2024/04/05 04:19:50.999 [I] [asm_arm64.s:1172]  Admin server Running on localhost:20001
2024/04/05 04:20:09.310 [I] [asm_arm64.s:1172]  http server Running on http://:20000
2024/04/05 04:20:09.311 [I] [asm_arm64.s:1172]  Admin server Running on localhost:20001
2024/04/05 04:20:12.194 [I] [asm_arm64.s:1172]  http server Running on http://:20000
2024/04/05 04:20:12.194 [I] [asm_arm64.s:1172]  Admin server Running on localhost:20001
2024/04/05 04:21:43.333 [I] [asm_arm64.s:1172]  http server Running on http://:20000
2024/04/05 04:21:43.333 [I] [asm_arm64.s:1172]  Admin server Running on localhost:20001
2024/04/05 04:22:11.597 [I] [asm_arm64.s:1172]  Admin server Running on localhost:20001
2024/04/05 04:22:11.597 [I] [asm_arm64.s:1172]  http server Running on http://:20000
2024/04/05 04:22:21.496 [I] [asm_arm64.s:1172]  http server Running on http://:20000
2024/04/05 04:22:21.496 [I] [asm_arm64.s:1172]  Admin server Running on localhost:20001
2024/04/05 04:22:25.345 [I] [asm_arm64.s:1172]  http server Running on http://:20000
2024/04/05 04:22:25.345 [I] [asm_arm64.s:1172]  Admin server Running on localhost:20001
2024/04/05 04:22:40.762 [I] [asm_arm64.s:1172]  http server Running on http://:20000
2024/04/05 04:22:40.762 [I] [asm_arm64.s:1172]  Admin server Running on localhost:20001
2024/04/05 04:22:41.706 [I] [asm_arm64.s:1172]  http server Running on http://:20000
2024/04/05 04:22:41.706 [I] [asm_arm64.s:1172]  Admin server Running on localhost:20001
2024/04/05 04:27:33.963 [I] [asm_arm64.s:1172]  http server Running on http://:20000
2024/04/05 04:27:33.963 [I] [asm_arm64.s:1172]  Admin server Running on localhost:20001
2024/04/05 04:28:02.323 [I] [asm_arm64.s:1172]  Admin server Running on localhost:20001
2024/04/05 04:28:02.323 [I] [asm_arm64.s:1172]  http server Running on http://:20000
2024/04/05 04:28:09.007 [I] [asm_arm64.s:1172]  Admin server Running on localhost:20001
2024/04/05 04:28:09.007 [I] [asm_arm64.s:1172]  http server Running on http://:20000
2024/04/05 04:28:18.465 [I] [asm_arm64.s:1172]  http server Running on http://:20000
2024/04/05 04:28:18.465 [I] [asm_arm64.s:1172]  Admin server Running on localhost:20001
2024/04/05 04:28:47.567 [I] [asm_arm64.s:1172]  http server Running on http://:20000
2024/04/05 04:28:47.567 [I] [asm_arm64.s:1172]  Admin server Running on localhost:20001
2024/04/05 04:29:20.949 [I] [asm_arm64.s:1172]  http server Running on http://:20000
2024/04/05 04:29:20.949 [I] [asm_arm64.s:1172]  Admin server Running on localhost:20001
2024/04/05 04:40:50.621 [I] [asm_arm64.s:1172]  http server Running on http://:20000
2024/04/05 04:40:50.621 [I] [asm_arm64.s:1172]  Admin server Running on localhost:20001
2024/04/05 04:40:58.491 [I] [asm_arm64.s:1172]  http server Running on http://:20000
2024/04/05 04:40:58.491 [I] [asm_arm64.s:1172]  Admin server Running on localhost:20001
2024/04/05 04:42:03.738 [I] [asm_arm64.s:1172]  Admin server Running on localhost:20001
2024/04/05 04:42:03.738 [I] [asm_arm64.s:1172]  http server Running on http://:20000
2024/04/05 04:42:06.921 [I] [asm_arm64.s:1172]  http server Running on http://:20000
2024/04/05 04:42:06.922 [I] [asm_arm64.s:1172]  Admin server Running on localhost:20001
2024/04/05 04:42:09.041 [I] [asm_arm64.s:1172]  http server Running on http://:20000
2024/04/05 04:42:09.041 [I] [asm_arm64.s:1172]  Admin server Running on localhost:20001
2024/04/05 04:42:15.469 [I] [asm_arm64.s:1172]  Admin server Running on localhost:20001
2024/04/05 04:42:15.469 [I] [asm_arm64.s:1172]  http server Running on http://:20000
2024/04/05 04:42:30.378 [I] [asm_arm64.s:1172]  http server Running on http://:20000
2024/04/05 04:42:30.378 [I] [asm_arm64.s:1172]  Admin server Running on localhost:20001
2024/04/05 05:01:46.465 [I] [asm_arm64.s:1172]  http server Running on http://:20000
2024/04/05 05:01:46.466 [I] [asm_arm64.s:1172]  Admin server Running on localhost:20001
2024/04/05 05:02:21.549 [E] [user_service.go:36]  [1712268141548508000] Error unmarshal from http request body to expected object request : unexpected end of JSON input
2024/04/05 05:02:21.549 [E] [user_service.go:36]  [1712268141548508000] Request: 
2024/04/05 05:02:21.549 [W] [user_controller.go:26]  [1712268141548508000] Failed to convert request: {Content:<nil> SuccessMessage: Code:400 ErrorMessage:Invalid Request}
2024/04/05 05:02:21.550 [D] [server.go:2947]  |            ::1|[97;42m 200 [0m|      2.017ms|   match|[97;46m POST    [0m /1.0/products   r:/1.0/products
2024/04/05 05:02:34.300 [D] [server.go:2947]  |            ::1|[97;43m 404 [0m|   1.576792ms| nomatch|[97;44m GET     [0m /1.0/products
2024/04/05 05:03:04.110 [I] [asm_arm64.s:1172]  http server Running on http://:20000
2024/04/05 05:03:04.110 [I] [asm_arm64.s:1172]  Admin server Running on localhost:20001
2024/04/05 05:03:12.188 [I] [product_controller.go:35]  productListRequest : {Sort:createdAt Order:DESC Page:0 Size:20 Keyword:}
2024/04/05 05:03:12.188 [C] [panic.go:884]  the request url is  /1.0/products
2024/04/05 05:03:12.189 [C] [panic.go:884]  Handler crashed with error <Ormer.QueryTable> table name: `product` not exists
2024/04/05 05:03:12.189 [C] [panic.go:884]  /usr/local/go/src/runtime/panic.go:884
2024/04/05 05:03:12.189 [C] [panic.go:884]  /Users/macbookpro/Documents/go-workspace/src/diksha-test/vendor/github.com/astaxie/beego/orm/orm.go:440
2024/04/05 05:03:12.189 [C] [panic.go:884]  /Users/macbookpro/Documents/go-workspace/src/diksha-test/repositories/product_repository.go:20
2024/04/05 05:03:12.189 [C] [panic.go:884]  /Users/macbookpro/Documents/go-workspace/src/diksha-test/services/product_service.go:33
2024/04/05 05:03:12.189 [C] [panic.go:884]  /Users/macbookpro/Documents/go-workspace/src/diksha-test/controllers/product_controller.go:35
2024/04/05 05:03:12.189 [C] [panic.go:884]  /usr/local/go/src/reflect/value.go:584
2024/04/05 05:03:12.189 [C] [panic.go:884]  /usr/local/go/src/reflect/value.go:368
2024/04/05 05:03:12.189 [C] [panic.go:884]  /Users/macbookpro/Documents/go-workspace/src/diksha-test/vendor/github.com/astaxie/beego/router.go:897
2024/04/05 05:03:12.189 [C] [panic.go:884]  /usr/local/go/src/net/http/server.go:2947
2024/04/05 05:03:12.193 [C] [panic.go:884]  /usr/local/go/src/net/http/server.go:1991
2024/04/05 05:03:12.193 [C] [panic.go:884]  /usr/local/go/src/runtime/asm_arm64.s:1172
2024/04/05 05:03:12.194 [server.go:3228]  [HTTP] http: superfluous response.WriteHeader call from github.com/astaxie/beego/context.(*Response).WriteHeader (context.go:230)
2024/04/05 05:03:29.938 [I] [asm_arm64.s:1172]  http server Running on http://:20000
2024/04/05 05:03:29.938 [I] [asm_arm64.s:1172]  Admin server Running on localhost:20001
2024/04/05 05:09:23.650 [I] [asm_arm64.s:1172]  http server Running on http://:20000
2024/04/05 05:09:23.650 [I] [asm_arm64.s:1172]  Admin server Running on localhost:20001
2024/04/05 05:11:54.789 [I] [asm_arm64.s:1172]  Admin server Running on localhost:20001
2024/04/05 05:11:54.789 [I] [asm_arm64.s:1172]  http server Running on http://:20000
2024/04/05 05:12:02.862 [I] [product_controller.go:35]  productListRequest : {Sort:createdAt Order:DESC Page:0 Size:20 Keyword:}
2024/04/05 05:12:02.862 [C] [panic.go:884]  the request url is  /1.0/products
2024/04/05 05:12:02.863 [C] [panic.go:884]  Handler crashed with error <Ormer.QueryTable> table name: `product` not exists
2024/04/05 05:12:02.863 [C] [panic.go:884]  /usr/local/go/src/runtime/panic.go:884
2024/04/05 05:12:02.863 [C] [panic.go:884]  /Users/macbookpro/Documents/go-workspace/src/diksha-test/vendor/github.com/astaxie/beego/orm/orm.go:440
2024/04/05 05:12:02.863 [C] [panic.go:884]  /Users/macbookpro/Documents/go-workspace/src/diksha-test/repositories/product_repository.go:20
2024/04/05 05:12:02.863 [C] [panic.go:884]  /Users/macbookpro/Documents/go-workspace/src/diksha-test/services/product_service.go:33
2024/04/05 05:12:02.863 [C] [panic.go:884]  /Users/macbookpro/Documents/go-workspace/src/diksha-test/controllers/product_controller.go:35
2024/04/05 05:12:02.865 [C] [panic.go:884]  /usr/local/go/src/reflect/value.go:584
2024/04/05 05:12:02.865 [C] [panic.go:884]  /usr/local/go/src/reflect/value.go:368
2024/04/05 05:12:02.865 [C] [panic.go:884]  /Users/macbookpro/Documents/go-workspace/src/diksha-test/vendor/github.com/astaxie/beego/router.go:897
2024/04/05 05:12:02.865 [C] [panic.go:884]  /usr/local/go/src/net/http/server.go:2947
2024/04/05 05:12:02.865 [C] [panic.go:884]  /usr/local/go/src/net/http/server.go:1991
2024/04/05 05:12:02.865 [C] [panic.go:884]  /usr/local/go/src/runtime/asm_arm64.s:1172
2024/04/05 05:12:02.866 [server.go:3228]  [HTTP] http: superfluous response.WriteHeader call from github.com/astaxie/beego/context.(*Response).WriteHeader (context.go:230)
2024/04/05 05:12:04.094 [I] [product_controller.go:35]  productListRequest : {Sort:createdAt Order:DESC Page:0 Size:20 Keyword:}
2024/04/05 05:12:04.094 [C] [panic.go:884]  the request url is  /1.0/products
2024/04/05 05:12:04.094 [C] [panic.go:884]  Handler crashed with error <Ormer.QueryTable> table name: `product` not exists
2024/04/05 05:12:04.094 [C] [panic.go:884]  /usr/local/go/src/runtime/panic.go:884
2024/04/05 05:12:04.094 [C] [panic.go:884]  /Users/macbookpro/Documents/go-workspace/src/diksha-test/vendor/github.com/astaxie/beego/orm/orm.go:440
2024/04/05 05:12:04.094 [C] [panic.go:884]  /Users/macbookpro/Documents/go-workspace/src/diksha-test/repositories/product_repository.go:20
2024/04/05 05:12:04.094 [C] [panic.go:884]  /Users/macbookpro/Documents/go-workspace/src/diksha-test/services/product_service.go:33
2024/04/05 05:12:04.094 [C] [panic.go:884]  /Users/macbookpro/Documents/go-workspace/src/diksha-test/controllers/product_controller.go:35
2024/04/05 05:12:04.095 [C] [panic.go:884]  /usr/local/go/src/reflect/value.go:584
2024/04/05 05:12:04.095 [C] [panic.go:884]  /usr/local/go/src/reflect/value.go:368
2024/04/05 05:12:04.095 [C] [panic.go:884]  /Users/macbookpro/Documents/go-workspace/src/diksha-test/vendor/github.com/astaxie/beego/router.go:897
2024/04/05 05:12:04.095 [C] [panic.go:884]  /usr/local/go/src/net/http/server.go:2947
2024/04/05 05:12:04.095 [C] [panic.go:884]  /usr/local/go/src/net/http/server.go:1991
2024/04/05 05:12:04.095 [C] [panic.go:884]  /usr/local/go/src/runtime/asm_arm64.s:1172
2024/04/05 05:12:04.096 [server.go:3228]  [HTTP] http: superfluous response.WriteHeader call from github.com/astaxie/beego/context.(*Response).WriteHeader (context.go:230)
2024/04/05 05:12:24.488 [I] [asm_arm64.s:1172]  Admin server Running on localhost:20001
2024/04/05 05:12:24.488 [I] [asm_arm64.s:1172]  http server Running on http://:20000
2024/04/05 05:12:28.867 [I] [product_controller.go:35]  productListRequest : {Sort:createdAt Order:DESC Page:0 Size:20 Keyword:}
2024/04/05 05:12:28.867 [C] [panic.go:884]  the request url is  /1.0/products
2024/04/05 05:12:28.867 [C] [panic.go:884]  Handler crashed with error unknown field/column name `DESC`
2024/04/05 05:12:28.867 [C] [panic.go:884]  /usr/local/go/src/runtime/panic.go:884
2024/04/05 05:12:28.867 [C] [panic.go:884]  /Users/macbookpro/Documents/go-workspace/src/diksha-test/vendor/github.com/astaxie/beego/orm/db_tables.go:442
2024/04/05 05:12:28.867 [C] [panic.go:884]  /Users/macbookpro/Documents/go-workspace/src/diksha-test/vendor/github.com/astaxie/beego/orm/db.go:1003
2024/04/05 05:12:28.867 [C] [panic.go:884]  /Users/macbookpro/Documents/go-workspace/src/diksha-test/vendor/github.com/astaxie/beego/orm/orm_queryset.go:219
2024/04/05 05:12:28.867 [C] [panic.go:884]  /Users/macbookpro/Documents/go-workspace/src/diksha-test/repositories/product_repository.go:24
2024/04/05 05:12:28.867 [C] [panic.go:884]  /Users/macbookpro/Documents/go-workspace/src/diksha-test/services/product_service.go:33
2024/04/05 05:12:28.867 [C] [panic.go:884]  /Users/macbookpro/Documents/go-workspace/src/diksha-test/controllers/product_controller.go:35
2024/04/05 05:12:28.868 [C] [panic.go:884]  /usr/local/go/src/reflect/value.go:584
2024/04/05 05:12:28.869 [C] [panic.go:884]  /usr/local/go/src/reflect/value.go:368
2024/04/05 05:12:28.869 [C] [panic.go:884]  /Users/macbookpro/Documents/go-workspace/src/diksha-test/vendor/github.com/astaxie/beego/router.go:897
2024/04/05 05:12:28.869 [C] [panic.go:884]  /usr/local/go/src/net/http/server.go:2947
2024/04/05 05:12:28.869 [C] [panic.go:884]  /usr/local/go/src/net/http/server.go:1991
2024/04/05 05:12:28.869 [C] [panic.go:884]  /usr/local/go/src/runtime/asm_arm64.s:1172
2024/04/05 05:12:28.869 [server.go:3228]  [HTTP] http: superfluous response.WriteHeader call from github.com/astaxie/beego/context.(*Response).WriteHeader (context.go:230)
2024/04/05 05:13:58.357 [I] [asm_arm64.s:1172]  http server Running on http://:20000
2024/04/05 05:13:58.357 [I] [asm_arm64.s:1172]  Admin server Running on localhost:20001
2024/04/05 05:14:01.763 [I] [product_controller.go:35]  productListRequest : {Sort:createdAt Order:DESC Page:0 Size:20 Keyword:}
2024/04/05 05:14:01.764 [C] [panic.go:884]  the request url is  /1.0/products
2024/04/05 05:14:01.764 [C] [panic.go:884]  Handler crashed with error unknown field/column name `DESC`
2024/04/05 05:14:01.764 [C] [panic.go:884]  /usr/local/go/src/runtime/panic.go:884
2024/04/05 05:14:01.764 [C] [panic.go:884]  /Users/macbookpro/Documents/go-workspace/src/diksha-test/vendor/github.com/astaxie/beego/orm/db_tables.go:442
2024/04/05 05:14:01.764 [C] [panic.go:884]  /Users/macbookpro/Documents/go-workspace/src/diksha-test/vendor/github.com/astaxie/beego/orm/db.go:1003
2024/04/05 05:14:01.764 [C] [panic.go:884]  /Users/macbookpro/Documents/go-workspace/src/diksha-test/vendor/github.com/astaxie/beego/orm/orm_queryset.go:219
2024/04/05 05:14:01.764 [C] [panic.go:884]  /Users/macbookpro/Documents/go-workspace/src/diksha-test/repositories/product_repository.go:24
2024/04/05 05:14:01.764 [C] [panic.go:884]  /Users/macbookpro/Documents/go-workspace/src/diksha-test/services/product_service.go:33
2024/04/05 05:14:01.766 [C] [panic.go:884]  /Users/macbookpro/Documents/go-workspace/src/diksha-test/controllers/product_controller.go:35
2024/04/05 05:14:01.766 [C] [panic.go:884]  /usr/local/go/src/reflect/value.go:584
2024/04/05 05:14:01.766 [C] [panic.go:884]  /usr/local/go/src/reflect/value.go:368
2024/04/05 05:14:01.766 [C] [panic.go:884]  /Users/macbookpro/Documents/go-workspace/src/diksha-test/vendor/github.com/astaxie/beego/router.go:897
2024/04/05 05:14:01.766 [C] [panic.go:884]  /usr/local/go/src/net/http/server.go:2947
2024/04/05 05:14:01.766 [C] [panic.go:884]  /usr/local/go/src/net/http/server.go:1991
2024/04/05 05:14:01.767 [C] [panic.go:884]  /usr/local/go/src/runtime/asm_arm64.s:1172
2024/04/05 05:14:01.768 [server.go:3228]  [HTTP] http: superfluous response.WriteHeader call from github.com/astaxie/beego/context.(*Response).WriteHeader (context.go:230)
2024/04/05 05:14:17.640 [I] [asm_arm64.s:1172]  Admin server Running on localhost:20001
2024/04/05 05:14:17.640 [I] [asm_arm64.s:1172]  http server Running on http://:20000
2024/04/05 05:14:20.721 [I] [product_controller.go:35]  productListRequest : {Sort:createdAt Order:DESC Page:0 Size:20 Keyword:}
2024/04/05 05:14:20.745 [W] [product_controller.go:35]  [1712268860721627000] Failed to find product: Error 1146: Table 'test-db.products' doesn't exist
2024/04/05 05:14:20.746 [D] [server.go:2947]  |            ::1|[97;42m 200 [0m|  24.759375ms|   match|[97;44m GET     [0m /1.0/products   r:/1.0/products
2024/04/05 05:14:53.030 [I] [asm_arm64.s:1172]  http server Running on http://:20000
2024/04/05 05:14:53.030 [I] [asm_arm64.s:1172]  Admin server Running on localhost:20001
2024/04/05 05:15:04.676 [I] [asm_arm64.s:1172]  Admin server Running on localhost:20001
2024/04/05 05:15:04.676 [I] [asm_arm64.s:1172]  http server Running on http://:20000
2024/04/05 05:15:11.989 [I] [product_controller.go:35]  productListRequest : {Sort:createdAt Order:DESC Page:0 Size:20 Keyword:}
2024/04/05 05:15:12.005 [D] [server.go:2947]  |            ::1|[97;42m 200 [0m|  16.850625ms|   match|[97;44m GET     [0m /1.0/products   r:/1.0/products
2024/04/05 05:16:25.927 [I] [asm_arm64.s:1172]  http server Running on http://:20000
2024/04/05 05:16:25.927 [I] [asm_arm64.s:1172]  Admin server Running on localhost:20001
2024/04/05 05:16:30.835 [I] [product_controller.go:35]  productListRequest : {Sort:createdAt Order:DESC Page:0 Size:20 Keyword:}
2024/04/05 05:16:30.835 [C] [panic.go:884]  the request url is  /1.0/products
2024/04/05 05:16:30.835 [C] [panic.go:884]  Handler crashed with error unknown field/column name `DESC`
2024/04/05 05:16:30.835 [C] [panic.go:884]  /usr/local/go/src/runtime/panic.go:884
2024/04/05 05:16:30.835 [C] [panic.go:884]  /Users/macbookpro/Documents/go-workspace/src/diksha-test/vendor/github.com/astaxie/beego/orm/db_tables.go:442
2024/04/05 05:16:30.835 [C] [panic.go:884]  /Users/macbookpro/Documents/go-workspace/src/diksha-test/vendor/github.com/astaxie/beego/orm/db.go:1003
2024/04/05 05:16:30.835 [C] [panic.go:884]  /Users/macbookpro/Documents/go-workspace/src/diksha-test/vendor/github.com/astaxie/beego/orm/orm_queryset.go:219
2024/04/05 05:16:30.836 [C] [panic.go:884]  /Users/macbookpro/Documents/go-workspace/src/diksha-test/repositories/product_repository.go:24
2024/04/05 05:16:30.836 [C] [panic.go:884]  /Users/macbookpro/Documents/go-workspace/src/diksha-test/services/product_service.go:33
2024/04/05 05:16:30.836 [C] [panic.go:884]  /Users/macbookpro/Documents/go-workspace/src/diksha-test/controllers/product_controller.go:35
2024/04/05 05:16:30.836 [C] [panic.go:884]  /usr/local/go/src/reflect/value.go:584
2024/04/05 05:16:30.839 [C] [panic.go:884]  /usr/local/go/src/reflect/value.go:368
2024/04/05 05:16:30.839 [C] [panic.go:884]  /Users/macbookpro/Documents/go-workspace/src/diksha-test/vendor/github.com/astaxie/beego/router.go:897
2024/04/05 05:16:30.839 [C] [panic.go:884]  /usr/local/go/src/net/http/server.go:2947
2024/04/05 05:16:30.839 [C] [panic.go:884]  /usr/local/go/src/net/http/server.go:1991
2024/04/05 05:16:30.839 [C] [panic.go:884]  /usr/local/go/src/runtime/asm_arm64.s:1172
2024/04/05 05:16:30.841 [server.go:3228]  [HTTP] http: superfluous response.WriteHeader call from github.com/astaxie/beego/context.(*Response).WriteHeader (context.go:230)
2024/04/05 05:18:44.050 [I] [asm_arm64.s:1172]  http server Running on http://:20000
2024/04/05 05:18:44.051 [I] [asm_arm64.s:1172]  Admin server Running on localhost:20001
2024/04/05 05:18:44.625 [I] [asm_arm64.s:1172]  http server Running on http://:20000
2024/04/05 05:18:44.625 [I] [asm_arm64.s:1172]  Admin server Running on localhost:20001
2024/04/05 05:19:05.861 [I] [asm_arm64.s:1172]  Admin server Running on localhost:20001
2024/04/05 05:19:05.861 [I] [asm_arm64.s:1172]  http server Running on http://:20000
2024/04/05 05:19:10.830 [I] [product_controller.go:35]  productListRequest : {Sort:createdAt Order:DESC Page:0 Size:20 Keyword:}
2024/04/05 05:19:10.841 [D] [server.go:2947]  |            ::1|[97;42m 200 [0m|  11.014666ms|   match|[97;44m GET     [0m /1.0/products   r:/1.0/products
2024/04/05 05:19:45.606 [I] [product_controller.go:35]  productListRequest : {Sort:ASC Order:DESC Page:0 Size:1 Keyword:}
2024/04/05 05:19:45.611 [D] [server.go:2947]  |            ::1|[97;42m 200 [0m|   5.144958ms|   match|[97;44m GET     [0m /1.0/products   r:/1.0/products
2024/04/05 05:19:49.123 [I] [product_controller.go:35]  productListRequest : {Sort:ASC Order:DESC Page:0 Size:1 Keyword:}
2024/04/05 05:19:49.124 [D] [server.go:2947]  |            ::1|[97;42m 200 [0m|   1.704334ms|   match|[97;44m GET     [0m /1.0/products   r:/1.0/products
2024/04/05 05:20:03.596 [I] [product_controller.go:35]  productListRequest : {Sort:ASC Order:name Page:0 Size:1 Keyword:}
2024/04/05 05:20:03.600 [D] [server.go:2947]  |            ::1|[97;42m 200 [0m|     3.9115ms|   match|[97;44m GET     [0m /1.0/products   r:/1.0/products
2024/04/05 05:20:12.654 [I] [product_controller.go:35]  productListRequest : {Sort:ASC Order:name Page:0 Size:2 Keyword:}
2024/04/05 05:20:12.656 [D] [server.go:2947]  |            ::1|[97;42m 200 [0m|   3.021292ms|   match|[97;44m GET     [0m /1.0/products   r:/1.0/products
2024/04/05 05:20:23.954 [I] [product_controller.go:35]  productListRequest : {Sort:DESC Order:name Page:0 Size:2 Keyword:}
2024/04/05 05:20:23.970 [D] [server.go:2947]  |            ::1|[97;42m 200 [0m|   15.89425ms|   match|[97;44m GET     [0m /1.0/products   r:/1.0/products
2024/04/05 05:20:25.219 [I] [product_controller.go:35]  productListRequest : {Sort:DESC Order:name Page:0 Size:2 Keyword:}
2024/04/05 05:20:25.220 [D] [server.go:2947]  |            ::1|[97;42m 200 [0m|    882.042µs|   match|[97;44m GET     [0m /1.0/products   r:/1.0/products
2024/04/05 05:20:44.639 [I] [asm_arm64.s:1172]  http server Running on http://:20000
2024/04/05 05:20:44.639 [I] [asm_arm64.s:1172]  Admin server Running on localhost:20001
2024/04/05 05:20:47.206 [I] [asm_arm64.s:1172]  http server Running on http://:20000
2024/04/05 05:20:47.206 [I] [asm_arm64.s:1172]  Admin server Running on localhost:20001
2024/04/05 05:20:50.155 [I] [product_controller.go:35]  productListRequest : {Sort:DESC Order:name Page:0 Size:2 Keyword:}
2024/04/05 05:20:50.159 [D] [server.go:2947]  |            ::1|[97;42m 200 [0m|   4.439209ms|   match|[97;44m GET     [0m /1.0/products   r:/1.0/products
2024/04/05 05:20:51.952 [I] [product_controller.go:35]  productListRequest : {Sort:DESC Order:name Page:0 Size:2 Keyword:}
2024/04/05 05:20:51.953 [D] [server.go:2947]  |            ::1|[97;42m 200 [0m|   1.084875ms|   match|[97;44m GET     [0m /1.0/products   r:/1.0/products
2024/04/05 05:22:38.387 [I] [product_controller.go:35]  productListRequest : {Sort:DESC Order:product_name Page:0 Size:2 Keyword:}
2024/04/05 05:22:38.391 [D] [server.go:2947]  |            ::1|[97;42m 200 [0m|   5.145791ms|   match|[97;44m GET     [0m /1.0/products   r:/1.0/products
2024/04/05 05:22:43.623 [I] [product_controller.go:35]  productListRequest : {Sort:ASC Order:product_name Page:0 Size:2 Keyword:}
2024/04/05 05:22:43.624 [D] [server.go:2947]  |            ::1|[97;42m 200 [0m|    863.583µs|   match|[97;44m GET     [0m /1.0/products   r:/1.0/products
2024/04/05 05:22:50.918 [I] [product_controller.go:35]  productListRequest : {Sort:DESC Order:product_name Page:0 Size:2 Keyword:}
2024/04/05 05:22:50.920 [D] [server.go:2947]  |            ::1|[97;42m 200 [0m|   2.080375ms|   match|[97;44m GET     [0m /1.0/products   r:/1.0/products
2024/04/05 05:23:15.481 [I] [asm_arm64.s:1172]  Admin server Running on localhost:20001
2024/04/05 05:23:15.482 [I] [asm_arm64.s:1172]  http server Running on http://:20000
2024/04/05 05:23:20.048 [I] [product_controller.go:35]  productListRequest : {Sort:DESC Order:product_name Page:0 Size:2 Keyword:}
2024/04/05 05:23:20.060 [D] [server.go:2947]  |            ::1|[97;42m 200 [0m|  12.375167ms|   match|[97;44m GET     [0m /1.0/products   r:/1.0/products
2024/04/05 05:23:37.835 [I] [product_controller.go:35]  productListRequest : {Sort:DESC Order:name Page:0 Size:2 Keyword:}
2024/04/05 05:23:37.839 [D] [server.go:2947]  |            ::1|[97;42m 200 [0m|    4.58425ms|   match|[97;44m GET     [0m /1.0/products   r:/1.0/products
2024/04/05 05:23:43.774 [I] [product_controller.go:35]  productListRequest : {Sort:ASC Order:name Page:0 Size:2 Keyword:}
2024/04/05 05:23:43.776 [D] [server.go:2947]  |            ::1|[97;42m 200 [0m|   1.848542ms|   match|[97;44m GET     [0m /1.0/products   r:/1.0/products
2024/04/05 05:23:59.986 [I] [product_controller.go:35]  productListRequest : {Sort:ASC Order:code Page:0 Size:2 Keyword:}
2024/04/05 05:23:59.987 [D] [server.go:2947]  |            ::1|[97;42m 200 [0m|   1.210792ms|   match|[97;44m GET     [0m /1.0/products   r:/1.0/products
2024/04/05 05:24:43.400 [I] [asm_arm64.s:1172]  http server Running on http://:20000
2024/04/05 05:24:43.400 [I] [asm_arm64.s:1172]  Admin server Running on localhost:20001
2024/04/05 05:24:48.999 [I] [product_controller.go:35]  productListRequest : {Sort:ASC Order:code Page:0 Size:2 Keyword:}
2024/04/05 05:24:49.007 [D] [server.go:2947]  |            ::1|[97;42m 200 [0m|    8.24325ms|   match|[97;44m GET     [0m /1.0/products   r:/1.0/products
2024/04/05 05:25:00.182 [I] [product_controller.go:35]  productListRequest : {Sort:DESC Order:code Page:0 Size:2 Keyword:}
2024/04/05 05:25:00.185 [D] [server.go:2947]  |            ::1|[97;42m 200 [0m|    2.48825ms|   match|[97;44m GET     [0m /1.0/products   r:/1.0/products
2024/04/05 05:25:33.305 [I] [product_controller.go:35]  productListRequest : {Sort:DESC Order:code Page:0 Size:2 Keyword:}
2024/04/05 05:25:33.308 [D] [server.go:2947]  |            ::1|[97;42m 200 [0m|   3.581125ms|   match|[97;44m GET     [0m /1.0/products   r:/1.0/products
2024/04/05 05:26:07.610 [I] [asm_arm64.s:1172]  http server Running on http://:20000
2024/04/05 05:26:07.610 [I] [asm_arm64.s:1172]  Admin server Running on localhost:20001
2024/04/05 05:26:17.154 [I] [product_controller.go:35]  productListRequest : {Sort:DESC Order:code Page:0 Size:2 Keyword:}
2024/04/05 05:26:17.158 [D] [server.go:2947]  |            ::1|[97;42m 200 [0m|   5.492833ms|   match|[97;44m GET     [0m /1.0/products   r:/1.0/products
2024/04/05 05:27:02.301 [I] [asm_arm64.s:1172]  http server Running on http://:20000
2024/04/05 05:27:02.301 [I] [asm_arm64.s:1172]  Admin server Running on localhost:20001
2024/04/05 05:27:06.886 [I] [product_controller.go:35]  productListRequest : {Sort:DESC Order:code Page:0 Size:2 Keyword:}
2024/04/05 05:27:06.896 [D] [server.go:2947]  |            ::1|[97;42m 200 [0m|  10.430166ms|   match|[97;44m GET     [0m /1.0/products   r:/1.0/products
2024/04/05 05:28:08.062 [I] [asm_arm64.s:1172]  http server Running on http://:20000
2024/04/05 05:28:08.063 [I] [asm_arm64.s:1172]  Admin server Running on localhost:20001
2024/04/05 05:28:14.024 [I] [product_controller.go:35]  productListRequest : {Sort:DESC Order:code Page:0 Size:2 Keyword:}
2024/04/05 05:28:14.054 [D] [server.go:2947]  |            ::1|[97;42m 200 [0m|  30.573959ms|   match|[97;44m GET     [0m /1.0/products   r:/1.0/products
2024/04/05 05:28:33.815 [I] [asm_arm64.s:1172]  Admin server Running on localhost:20001
2024/04/05 05:28:33.815 [I] [asm_arm64.s:1172]  http server Running on http://:20000
2024/04/05 05:28:36.091 [I] [product_controller.go:35]  productListRequest : {Sort:DESC Order:code Page:0 Size:2 Keyword:}
2024/04/05 05:28:36.122 [D] [server.go:2947]  |            ::1|[97;42m 200 [0m|  31.512959ms|   match|[97;44m GET     [0m /1.0/products   r:/1.0/products
2024/04/05 05:28:51.597 [I] [asm_arm64.s:1172]  Admin server Running on localhost:20001
2024/04/05 05:28:51.597 [I] [asm_arm64.s:1172]  http server Running on http://:20000
2024/04/05 05:28:54.624 [I] [product_controller.go:35]  productListRequest : {Sort:DESC Order:code Page:0 Size:2 Keyword:}
2024/04/05 05:28:54.629 [D] [server.go:2947]  |            ::1|[97;42m 200 [0m|   5.757042ms|   match|[97;44m GET     [0m /1.0/products   r:/1.0/products
2024/04/05 05:28:55.674 [I] [product_controller.go:35]  productListRequest : {Sort:DESC Order:code Page:0 Size:2 Keyword:}
2024/04/05 05:28:55.675 [D] [server.go:2947]  |            ::1|[97;42m 200 [0m|    844.459µs|   match|[97;44m GET     [0m /1.0/products   r:/1.0/products
2024/04/05 05:29:17.455 [I] [asm_arm64.s:1172]  http server Running on http://:20000
2024/04/05 05:29:17.456 [I] [asm_arm64.s:1172]  Admin server Running on localhost:20001
2024/04/05 05:29:43.657 [I] [product_controller.go:35]  productListRequest : {Sort:DESC Order:code Page:0 Size:2 Keyword:}
2024/04/05 05:29:43.662 [D] [server.go:2947]  |            ::1|[97;42m 200 [0m|   5.002542ms|   match|[97;44m GET     [0m /1.0/products   r:/1.0/products
2024/04/05 05:30:16.317 [I] [asm_arm64.s:1172]  http server Running on http://:20000
2024/04/05 05:30:16.318 [I] [asm_arm64.s:1172]  Admin server Running on localhost:20001
2024/04/05 05:30:26.519 [I] [asm_arm64.s:1172]  Admin server Running on localhost:20001
2024/04/05 05:30:26.519 [I] [asm_arm64.s:1172]  http server Running on http://:20000
2024/04/05 05:30:31.324 [I] [product_controller.go:35]  productListRequest : {Sort:DESC Order:code Page:0 Size:2 Keyword:}
2024/04/05 05:30:31.330 [D] [server.go:2947]  |            ::1|[97;42m 200 [0m|      6.779ms|   match|[97;44m GET     [0m /1.0/products   r:/1.0/products
2024/04/05 05:30:36.504 [I] [product_controller.go:35]  productListRequest : {Sort:DESC Order:createdAt Page:0 Size:2 Keyword:}
2024/04/05 05:30:36.505 [D] [server.go:2947]  |            ::1|[97;42m 200 [0m|   1.237708ms|   match|[97;44m GET     [0m /1.0/products   r:/1.0/products
2024/04/05 05:32:04.036 [I] [asm_arm64.s:1172]  Admin server Running on localhost:20001
2024/04/05 05:32:04.036 [I] [asm_arm64.s:1172]  http server Running on http://:20000
2024/04/05 05:32:04.648 [I] [asm_arm64.s:1172]  http server Running on http://:20000
2024/04/05 05:32:04.648 [I] [asm_arm64.s:1172]  Admin server Running on localhost:20001
2024/04/05 05:32:12.714 [I] [asm_arm64.s:1172]  http server Running on http://:20000
2024/04/05 05:32:12.714 [I] [asm_arm64.s:1172]  Admin server Running on localhost:20001
2024/04/05 05:32:18.495 [I] [product_controller.go:35]  productListRequest : {Sort:DESC Order:createdAt Page:0 Size:2 Keyword:}
2024/04/05 05:32:18.498 [D] [server.go:2947]  |            ::1|[97;42m 200 [0m|   3.812333ms|   match|[97;44m GET     [0m /1.0/products   r:/1.0/products
2024/04/05 05:32:20.497 [I] [product_controller.go:35]  productListRequest : {Sort:DESC Order:createdAt Page:0 Size:2 Keyword:}
2024/04/05 05:32:20.499 [D] [server.go:2947]  |            ::1|[97;42m 200 [0m|   1.368459ms|   match|[97;44m GET     [0m /1.0/products   r:/1.0/products
2024/04/05 05:32:22.247 [I] [product_controller.go:35]  productListRequest : {Sort:DESC Order:createdAt Page:0 Size:2 Keyword:}
2024/04/05 05:32:22.249 [D] [server.go:2947]  |            ::1|[97;42m 200 [0m|   2.116458ms|   match|[97;44m GET     [0m /1.0/products   r:/1.0/products
2024/04/05 05:32:41.915 [I] [product_controller.go:35]  productListRequest : {Sort:DESC Order:createdAt Page:0 Size:2 Keyword:}
2024/04/05 05:32:41.918 [D] [server.go:2947]  |            ::1|[97;42m 200 [0m|   4.225166ms|   match|[97;44m GET     [0m /1.0/products   r:/1.0/products
2024/04/05 05:32:59.136 [I] [product_controller.go:35]  productListRequest : {Sort:DESC Order:createdAt Page:0 Size:2 Keyword:}
2024/04/05 05:32:59.138 [D] [server.go:2947]  |            ::1|[97;42m 200 [0m|   2.438834ms|   match|[97;44m GET     [0m /1.0/products   r:/1.0/products
2024/04/05 05:33:00.672 [I] [asm_arm64.s:1172]  http server Running on http://:20000
2024/04/05 05:33:00.672 [I] [asm_arm64.s:1172]  Admin server Running on localhost:20001
2024/04/05 05:33:08.940 [I] [product_controller.go:35]  productListRequest : {Sort:DESC Order:createdAt Page:0 Size:2 Keyword:}
2024/04/05 05:33:08.942 [D] [server.go:2947]  |            ::1|[97;42m 200 [0m|   6.468792ms|   match|[97;44m GET     [0m /1.0/products   r:/1.0/products
2024/04/05 05:33:27.166 [I] [asm_arm64.s:1172]  http server Running on http://:20000
2024/04/05 05:33:27.167 [I] [asm_arm64.s:1172]  Admin server Running on localhost:20001
2024/04/05 05:33:34.701 [I] [product_controller.go:35]  productListRequest : {Sort:DESC Order:createdAt Page:0 Size:2 Keyword:}
2024/04/05 05:33:34.707 [D] [server.go:2947]  |            ::1|[97;42m 200 [0m|    6.49975ms|   match|[97;44m GET     [0m /1.0/products   r:/1.0/products
2024/04/05 05:33:58.793 [I] [asm_arm64.s:1172]  http server Running on http://:20000
2024/04/05 05:33:58.793 [I] [asm_arm64.s:1172]  Admin server Running on localhost:20001
2024/04/05 05:34:07.135 [I] [product_controller.go:35]  productListRequest : {Sort:DESC Order:createdAt Page:0 Size:2 Keyword:}
2024/04/05 05:34:07.140 [D] [server.go:2947]  |            ::1|[97;42m 200 [0m|   5.586083ms|   match|[97;44m GET     [0m /1.0/products   r:/1.0/products
2024/04/05 05:34:52.279 [I] [asm_arm64.s:1172]  Admin server Running on localhost:20001
2024/04/05 05:34:52.279 [I] [asm_arm64.s:1172]  http server Running on http://:20000
2024/04/05 05:34:54.343 [I] [product_controller.go:35]  productListRequest : {Sort:DESC Order:createdAt Page:0 Size:2 Keyword:}
2024/04/05 05:34:54.347 [D] [server.go:2947]  |            ::1|[97;42m 200 [0m|    3.78925ms|   match|[97;44m GET     [0m /1.0/products   r:/1.0/products
2024/04/05 05:36:30.606 [I] [asm_arm64.s:1172]  http server Running on http://:20000
2024/04/05 05:36:30.606 [I] [asm_arm64.s:1172]  Admin server Running on localhost:20001
2024/04/05 05:36:34.489 [I] [product_controller.go:35]  productListRequest : {Sort:DESC Order:createdAt Page:0 Size:2 Keyword:}
2024/04/05 05:36:34.505 [D] [server.go:2947]  |            ::1|[97;42m 200 [0m|  15.706625ms|   match|[97;44m GET     [0m /1.0/products   r:/1.0/products
2024/04/05 05:36:56.062 [I] [asm_arm64.s:1172]  http server Running on http://:20000
2024/04/05 05:36:56.062 [I] [asm_arm64.s:1172]  Admin server Running on localhost:20001
2024/04/05 05:37:05.887 [I] [asm_arm64.s:1172]  http server Running on http://:20000
2024/04/05 05:37:05.887 [I] [asm_arm64.s:1172]  Admin server Running on localhost:20001
2024/04/05 05:37:16.189 [I] [product_controller.go:35]  productListRequest : {Sort:DESC Order:code Page:0 Size:2 Keyword:}
2024/04/05 05:37:16.194 [D] [server.go:2947]  |            ::1|[97;42m 200 [0m|   5.849417ms|   match|[97;44m GET     [0m /1.0/products   r:/1.0/products
2024/04/05 05:37:25.522 [I] [product_controller.go:35]  productListRequest : {Sort:ASC Order:code Page:0 Size:2 Keyword:}
2024/04/05 05:37:25.527 [D] [server.go:2947]  |            ::1|[97;42m 200 [0m|      5.206ms|   match|[97;44m GET     [0m /1.0/products   r:/1.0/products
2024/04/05 05:37:40.745 [I] [product_controller.go:35]  productListRequest : {Sort:ASC Order:code Page:0 Size:2 Keyword:shampoo}
2024/04/05 05:37:40.753 [D] [server.go:2947]  |            ::1|[97;42m 200 [0m|   8.487125ms|   match|[97;44m GET     [0m /1.0/products   r:/1.0/products
2024/04/05 05:37:49.946 [I] [product_controller.go:35]  productListRequest : {Sort:ASC Order:code Page:0 Size:2 Keyword:Shampoo}
2024/04/05 05:37:49.948 [D] [server.go:2947]  |            ::1|[97;42m 200 [0m|     1.4985ms|   match|[97;44m GET     [0m /1.0/products   r:/1.0/products
2024/04/05 05:38:18.902 [I] [product_controller.go:35]  productListRequest : {Sort:ASC Order:code Page:0 Size:2 Keyword:hampoo}
2024/04/05 05:38:18.906 [D] [server.go:2947]  |            ::1|[97;42m 200 [0m|   4.103334ms|   match|[97;44m GET     [0m /1.0/products   r:/1.0/products
2024/04/05 05:38:27.474 [I] [product_controller.go:35]  productListRequest : {Sort:ASC Order:code Page:0 Size:2 Keyword:shampoo}
2024/04/05 05:38:27.477 [D] [server.go:2947]  |            ::1|[97;42m 200 [0m|   2.354625ms|   match|[97;44m GET     [0m /1.0/products   r:/1.0/products
2024/04/05 05:38:54.411 [I] [asm_arm64.s:1172]  http server Running on http://:20000
2024/04/05 05:38:54.411 [I] [asm_arm64.s:1172]  Admin server Running on localhost:20001
2024/04/05 05:38:57.411 [I] [product_controller.go:35]  productListRequest : {Sort:ASC Order:code Page:0 Size:2 Keyword:shampoo}
2024/04/05 05:38:57.412 [C] [panic.go:884]  the request url is  /1.0/products
2024/04/05 05:38:57.412 [C] [panic.go:884]  Handler crashed with error unknown field/column name `lower(product_name)__contains`
2024/04/05 05:38:57.412 [C] [panic.go:884]  /usr/local/go/src/runtime/panic.go:884
2024/04/05 05:38:57.412 [C] [panic.go:884]  /Users/macbookpro/Documents/go-workspace/src/diksha-test/vendor/github.com/astaxie/beego/orm/db_tables.go:368
2024/04/05 05:38:57.412 [C] [panic.go:884]  /Users/macbookpro/Documents/go-workspace/src/diksha-test/vendor/github.com/astaxie/beego/orm/db.go:1001
2024/04/05 05:38:57.412 [C] [panic.go:884]  /Users/macbookpro/Documents/go-workspace/src/diksha-test/vendor/github.com/astaxie/beego/orm/orm_queryset.go:219
2024/04/05 05:38:57.412 [C] [panic.go:884]  /Users/macbookpro/Documents/go-workspace/src/diksha-test/repositories/product_repository.go:33
2024/04/05 05:38:57.412 [C] [panic.go:884]  /Users/macbookpro/Documents/go-workspace/src/diksha-test/services/product_service.go:33
2024/04/05 05:38:57.412 [C] [panic.go:884]  /Users/macbookpro/Documents/go-workspace/src/diksha-test/controllers/product_controller.go:35
2024/04/05 05:38:57.412 [C] [panic.go:884]  /usr/local/go/src/reflect/value.go:584
2024/04/05 05:38:57.412 [C] [panic.go:884]  /usr/local/go/src/reflect/value.go:368
2024/04/05 05:38:57.412 [C] [panic.go:884]  /Users/macbookpro/Documents/go-workspace/src/diksha-test/vendor/github.com/astaxie/beego/router.go:897
2024/04/05 05:38:57.412 [C] [panic.go:884]  /usr/local/go/src/net/http/server.go:2947
2024/04/05 05:38:57.418 [C] [panic.go:884]  /usr/local/go/src/net/http/server.go:1991
2024/04/05 05:38:57.418 [C] [panic.go:884]  /usr/local/go/src/runtime/asm_arm64.s:1172
2024/04/05 05:38:57.419 [server.go:3228]  [HTTP] http: superfluous response.WriteHeader call from github.com/astaxie/beego/context.(*Response).WriteHeader (context.go:230)
2024/04/05 05:39:23.610 [I] [asm_arm64.s:1172]  http server Running on http://:20000
2024/04/05 05:39:23.610 [I] [asm_arm64.s:1172]  Admin server Running on localhost:20001
2024/04/05 05:39:29.572 [I] [product_controller.go:35]  productListRequest : {Sort:ASC Order:code Page:0 Size:2 Keyword:shampoo}
2024/04/05 05:39:29.572 [C] [panic.go:884]  the request url is  /1.0/products
2024/04/05 05:39:29.572 [C] [panic.go:884]  Handler crashed with error unknown field/column name `lower(product_name__contains)`
2024/04/05 05:39:29.572 [C] [panic.go:884]  /usr/local/go/src/runtime/panic.go:884
2024/04/05 05:39:29.572 [C] [panic.go:884]  /Users/macbookpro/Documents/go-workspace/src/diksha-test/vendor/github.com/astaxie/beego/orm/db_tables.go:368
2024/04/05 05:39:29.572 [C] [panic.go:884]  /Users/macbookpro/Documents/go-workspace/src/diksha-test/vendor/github.com/astaxie/beego/orm/db.go:1001
2024/04/05 05:39:29.572 [C] [panic.go:884]  /Users/macbookpro/Documents/go-workspace/src/diksha-test/vendor/github.com/astaxie/beego/orm/orm_queryset.go:219
2024/04/05 05:39:29.572 [C] [panic.go:884]  /Users/macbookpro/Documents/go-workspace/src/diksha-test/repositories/product_repository.go:33
2024/04/05 05:39:29.572 [C] [panic.go:884]  /Users/macbookpro/Documents/go-workspace/src/diksha-test/services/product_service.go:33
2024/04/05 05:39:29.572 [C] [panic.go:884]  /Users/macbookpro/Documents/go-workspace/src/diksha-test/controllers/product_controller.go:35
2024/04/05 05:39:29.572 [C] [panic.go:884]  /usr/local/go/src/reflect/value.go:584
2024/04/05 05:39:29.572 [C] [panic.go:884]  /usr/local/go/src/reflect/value.go:368
2024/04/05 05:39:29.572 [C] [panic.go:884]  /Users/macbookpro/Documents/go-workspace/src/diksha-test/vendor/github.com/astaxie/beego/router.go:897
2024/04/05 05:39:29.572 [C] [panic.go:884]  /usr/local/go/src/net/http/server.go:2947
2024/04/05 05:39:29.572 [C] [panic.go:884]  /usr/local/go/src/net/http/server.go:1991
2024/04/05 05:39:29.572 [C] [panic.go:884]  /usr/local/go/src/runtime/asm_arm64.s:1172
2024/04/05 05:39:29.575 [server.go:3228]  [HTTP] http: superfluous response.WriteHeader call from github.com/astaxie/beego/context.(*Response).WriteHeader (context.go:230)
2024/04/05 05:41:15.894 [I] [asm_arm64.s:1172]  http server Running on http://:20000
2024/04/05 05:41:15.894 [I] [asm_arm64.s:1172]  Admin server Running on localhost:20001
2024/04/05 05:41:20.189 [I] [product_controller.go:35]  productListRequest : {Sort:ASC Order:code Page:0 Size:2 Keyword:shampoo}
2024/04/05 05:41:20.208 [D] [server.go:2947]  |            ::1|[97;42m 200 [0m|  20.037416ms|   match|[97;44m GET     [0m /1.0/products   r:/1.0/products
2024/04/05 05:48:51.996 [I] [asm_arm64.s:1172]  http server Running on http://:20000
2024/04/05 05:48:51.996 [I] [asm_arm64.s:1172]  Admin server Running on localhost:20001
2024/04/05 05:51:05.693 [I] [asm_arm64.s:1172]  http server Running on http://:20000
2024/04/05 05:51:05.693 [I] [asm_arm64.s:1172]  Admin server Running on localhost:20001
2024/04/05 05:51:08.032 [I] [asm_arm64.s:1172]  http server Running on http://:20000
2024/04/05 05:51:08.032 [I] [asm_arm64.s:1172]  Admin server Running on localhost:20001
2024/04/05 05:51:21.550 [I] [asm_arm64.s:1172]  http server Running on http://:20000
2024/04/05 05:51:21.550 [I] [asm_arm64.s:1172]  Admin server Running on localhost:20001
2024/04/05 05:51:35.272 [I] [asm_arm64.s:1172]  http server Running on http://:20000
2024/04/05 05:51:35.272 [I] [asm_arm64.s:1172]  Admin server Running on localhost:20001
2024/04/05 05:53:55.776 [I] [asm_arm64.s:1172]  Admin server Running on localhost:20001
2024/04/05 05:53:55.776 [I] [asm_arm64.s:1172]  http server Running on http://:20000
2024/04/05 05:53:57.641 [I] [asm_arm64.s:1172]  Admin server Running on localhost:20001
2024/04/05 05:53:57.641 [I] [asm_arm64.s:1172]  http server Running on http://:20000
2024/04/05 05:54:07.307 [I] [product_controller.go:35]  productListRequest : {Sort:ASC Order:code Page:0 Size:2 Keyword:shampoo}
2024/04/05 05:54:07.329 [D] [server.go:2947]  |            ::1|[97;42m 200 [0m|  23.125167ms|   match|[97;44m GET     [0m /1.0/products   r:/1.0/products
2024/04/05 05:54:38.247 [I] [product_controller.go:35]  productListRequest : {Sort:ASC Order:code Page:0 Size:2 Keyword:shampoos}
2024/04/05 05:54:38.250 [D] [server.go:2947]  |            ::1|[97;42m 200 [0m|     3.3055ms|   match|[97;44m GET     [0m /1.0/products   r:/1.0/products
2024/04/05 05:54:43.126 [I] [product_controller.go:35]  productListRequest : {Sort:ASC Order:code Page:0 Size:2 Keyword:shampoo}
2024/04/05 05:54:43.128 [D] [server.go:2947]  |            ::1|[97;42m 200 [0m|   1.931167ms|   match|[97;44m GET     [0m /1.0/products   r:/1.0/products
2024/04/05 05:55:40.925 [I] [asm_arm64.s:1172]  Admin server Running on localhost:20001
2024/04/05 05:55:40.925 [I] [asm_arm64.s:1172]  http server Running on http://:20000
2024/04/05 05:55:43.802 [I] [product_controller.go:35]  productListRequest : {Sort:ASC Order:code Page:0 Size:2 Keyword:shampoo}
2024/04/05 05:55:43.816 [C] [panic.go:884]  the request url is  /1.0/products
2024/04/05 05:55:43.816 [C] [panic.go:884]  Handler crashed with error <Ormer> table: `.` not found, make sure it was registered with `RegisterModel()`
2024/04/05 05:55:43.816 [C] [panic.go:884]  /usr/local/go/src/runtime/panic.go:884
2024/04/05 05:55:43.816 [C] [panic.go:884]  /Users/macbookpro/Documents/go-workspace/src/diksha-test/vendor/github.com/astaxie/beego/orm/orm.go:114
2024/04/05 05:55:43.816 [C] [panic.go:884]  /Users/macbookpro/Documents/go-workspace/src/diksha-test/vendor/github.com/astaxie/beego/orm/orm.go:352
2024/04/05 05:55:43.816 [C] [panic.go:884]  /Users/macbookpro/Documents/go-workspace/src/diksha-test/vendor/github.com/astaxie/beego/orm/orm.go:278
2024/04/05 05:55:43.817 [C] [panic.go:884]  /Users/macbookpro/Documents/go-workspace/src/diksha-test/repositories/product_repository.go:34
2024/04/05 05:55:43.817 [C] [panic.go:884]  /Users/macbookpro/Documents/go-workspace/src/diksha-test/services/product_service.go:40
2024/04/05 05:55:43.817 [C] [panic.go:884]  /Users/macbookpro/Documents/go-workspace/src/diksha-test/controllers/product_controller.go:35
2024/04/05 05:55:43.817 [C] [panic.go:884]  /usr/local/go/src/reflect/value.go:584
2024/04/05 05:55:43.817 [C] [panic.go:884]  /usr/local/go/src/reflect/value.go:368
2024/04/05 05:55:43.817 [C] [panic.go:884]  /Users/macbookpro/Documents/go-workspace/src/diksha-test/vendor/github.com/astaxie/beego/router.go:897
2024/04/05 05:55:43.817 [C] [panic.go:884]  /usr/local/go/src/net/http/server.go:2947
2024/04/05 05:55:43.817 [C] [panic.go:884]  /usr/local/go/src/net/http/server.go:1991
2024/04/05 05:55:43.817 [C] [panic.go:884]  /usr/local/go/src/runtime/asm_arm64.s:1172
2024/04/05 05:55:43.820 [server.go:3228]  [HTTP] http: superfluous response.WriteHeader call from github.com/astaxie/beego/context.(*Response).WriteHeader (context.go:230)
2024/04/05 05:57:12.292 [I] [asm_arm64.s:1172]  Admin server Running on localhost:20001
2024/04/05 05:57:12.292 [I] [asm_arm64.s:1172]  http server Running on http://:20000
2024/04/05 05:57:15.006 [I] [product_controller.go:35]  productListRequest : {Sort:ASC Order:code Page:0 Size:2 Keyword:shampoo}
2024/04/05 05:57:15.009 [C] [panic.go:884]  the request url is  /1.0/products
2024/04/05 05:57:15.009 [C] [panic.go:884]  Handler crashed with error <Ormer> table: `.` not found, make sure it was registered with `RegisterModel()`
2024/04/05 05:57:15.009 [C] [panic.go:884]  /usr/local/go/src/runtime/panic.go:884
2024/04/05 05:57:15.009 [C] [panic.go:884]  /Users/macbookpro/Documents/go-workspace/src/diksha-test/vendor/github.com/astaxie/beego/orm/orm.go:114
2024/04/05 05:57:15.009 [C] [panic.go:884]  /Users/macbookpro/Documents/go-workspace/src/diksha-test/vendor/github.com/astaxie/beego/orm/orm.go:352
2024/04/05 05:57:15.010 [C] [panic.go:884]  /Users/macbookpro/Documents/go-workspace/src/diksha-test/vendor/github.com/astaxie/beego/orm/orm.go:278
2024/04/05 05:57:15.010 [C] [panic.go:884]  /Users/macbookpro/Documents/go-workspace/src/diksha-test/repositories/product_repository.go:34
2024/04/05 05:57:15.010 [C] [panic.go:884]  /Users/macbookpro/Documents/go-workspace/src/diksha-test/services/product_service.go:40
2024/04/05 05:57:15.010 [C] [panic.go:884]  /Users/macbookpro/Documents/go-workspace/src/diksha-test/controllers/product_controller.go:35
2024/04/05 05:57:15.010 [C] [panic.go:884]  /usr/local/go/src/reflect/value.go:584
2024/04/05 05:57:15.010 [C] [panic.go:884]  /usr/local/go/src/reflect/value.go:368
2024/04/05 05:57:15.010 [C] [panic.go:884]  /Users/macbookpro/Documents/go-workspace/src/diksha-test/vendor/github.com/astaxie/beego/router.go:897
2024/04/05 05:57:15.010 [C] [panic.go:884]  /usr/local/go/src/net/http/server.go:2947
2024/04/05 05:57:15.011 [C] [panic.go:884]  /usr/local/go/src/net/http/server.go:1991
2024/04/05 05:57:15.011 [C] [panic.go:884]  /usr/local/go/src/runtime/asm_arm64.s:1172
2024/04/05 05:57:15.011 [server.go:3228]  [HTTP] http: superfluous response.WriteHeader call from github.com/astaxie/beego/context.(*Response).WriteHeader (context.go:230)
2024/04/05 05:57:55.197 [I] [asm_arm64.s:1172]  http server Running on http://:20000
2024/04/05 05:57:55.197 [I] [asm_arm64.s:1172]  Admin server Running on localhost:20001
2024/04/05 05:58:00.712 [I] [product_controller.go:35]  productListRequest : {Sort:ASC Order:code Page:0 Size:2 Keyword:shampoo}
2024/04/05 05:58:00.718 [C] [panic.go:884]  the request url is  /1.0/products
2024/04/05 05:58:00.718 [C] [panic.go:884]  Handler crashed with error <Ormer> table: `.` not found, make sure it was registered with `RegisterModel()`
2024/04/05 05:58:00.718 [C] [panic.go:884]  /usr/local/go/src/runtime/panic.go:884
2024/04/05 05:58:00.718 [C] [panic.go:884]  /Users/macbookpro/Documents/go-workspace/src/diksha-test/vendor/github.com/astaxie/beego/orm/orm.go:114
2024/04/05 05:58:00.718 [C] [panic.go:884]  /Users/macbookpro/Documents/go-workspace/src/diksha-test/vendor/github.com/astaxie/beego/orm/orm.go:352
2024/04/05 05:58:00.718 [C] [panic.go:884]  /Users/macbookpro/Documents/go-workspace/src/diksha-test/vendor/github.com/astaxie/beego/orm/orm.go:278
2024/04/05 05:58:00.718 [C] [panic.go:884]  /Users/macbookpro/Documents/go-workspace/src/diksha-test/repositories/product_repository.go:34
2024/04/05 05:58:00.719 [C] [panic.go:884]  /Users/macbookpro/Documents/go-workspace/src/diksha-test/services/product_service.go:40
2024/04/05 05:58:00.719 [C] [panic.go:884]  /Users/macbookpro/Documents/go-workspace/src/diksha-test/controllers/product_controller.go:35
2024/04/05 05:58:00.719 [C] [panic.go:884]  /usr/local/go/src/reflect/value.go:584
2024/04/05 05:58:00.719 [C] [panic.go:884]  /usr/local/go/src/reflect/value.go:368
2024/04/05 05:58:00.719 [C] [panic.go:884]  /Users/macbookpro/Documents/go-workspace/src/diksha-test/vendor/github.com/astaxie/beego/router.go:897
2024/04/05 05:58:00.719 [C] [panic.go:884]  /usr/local/go/src/net/http/server.go:2947
2024/04/05 05:58:00.719 [C] [panic.go:884]  /usr/local/go/src/net/http/server.go:1991
2024/04/05 05:58:00.719 [C] [panic.go:884]  /usr/local/go/src/runtime/asm_arm64.s:1172
2024/04/05 05:58:00.720 [server.go:3228]  [HTTP] http: superfluous response.WriteHeader call from github.com/astaxie/beego/context.(*Response).WriteHeader (context.go:230)
2024/04/05 05:59:19.916 [I] [asm_arm64.s:1172]  http server Running on http://:20000
2024/04/05 05:59:19.916 [I] [asm_arm64.s:1172]  Admin server Running on localhost:20001
2024/04/05 05:59:28.845 [I] [product_controller.go:35]  productListRequest : {Sort:ASC Order:code Page:0 Size:2 Keyword:shampoo}
2024/04/05 05:59:28.853 [C] [panic.go:884]  the request url is  /1.0/products
2024/04/05 05:59:28.853 [C] [panic.go:884]  Handler crashed with error <Ormer> table: `.` not found, make sure it was registered with `RegisterModel()`
2024/04/05 05:59:28.853 [C] [panic.go:884]  /usr/local/go/src/runtime/panic.go:884
2024/04/05 05:59:28.853 [C] [panic.go:884]  /Users/macbookpro/Documents/go-workspace/src/diksha-test/vendor/github.com/astaxie/beego/orm/orm.go:114
2024/04/05 05:59:28.853 [C] [panic.go:884]  /Users/macbookpro/Documents/go-workspace/src/diksha-test/vendor/github.com/astaxie/beego/orm/orm.go:352
2024/04/05 05:59:28.853 [C] [panic.go:884]  /Users/macbookpro/Documents/go-workspace/src/diksha-test/vendor/github.com/astaxie/beego/orm/orm.go:278
2024/04/05 05:59:28.854 [C] [panic.go:884]  /Users/macbookpro/Documents/go-workspace/src/diksha-test/repositories/product_repository.go:34
2024/04/05 05:59:28.854 [C] [panic.go:884]  /Users/macbookpro/Documents/go-workspace/src/diksha-test/services/product_service.go:40
2024/04/05 05:59:28.854 [C] [panic.go:884]  /Users/macbookpro/Documents/go-workspace/src/diksha-test/controllers/product_controller.go:35
2024/04/05 05:59:28.854 [C] [panic.go:884]  /usr/local/go/src/reflect/value.go:584
2024/04/05 05:59:28.854 [C] [panic.go:884]  /usr/local/go/src/reflect/value.go:368
2024/04/05 05:59:28.854 [C] [panic.go:884]  /Users/macbookpro/Documents/go-workspace/src/diksha-test/vendor/github.com/astaxie/beego/router.go:897
2024/04/05 05:59:28.854 [C] [panic.go:884]  /usr/local/go/src/net/http/server.go:2947
2024/04/05 05:59:28.854 [C] [panic.go:884]  /usr/local/go/src/net/http/server.go:1991
2024/04/05 05:59:28.854 [C] [panic.go:884]  /usr/local/go/src/runtime/asm_arm64.s:1172
2024/04/05 05:59:28.855 [server.go:3228]  [HTTP] http: superfluous response.WriteHeader call from github.com/astaxie/beego/context.(*Response).WriteHeader (context.go:230)
2024/04/05 06:02:15.339 [I] [asm_arm64.s:1172]  http server Running on http://:20000
2024/04/05 06:02:15.339 [I] [asm_arm64.s:1172]  Admin server Running on localhost:20001
2024/04/05 06:02:18.905 [I] [asm_arm64.s:1172]  Admin server Running on localhost:20001
2024/04/05 06:02:18.905 [I] [asm_arm64.s:1172]  http server Running on http://:20000
2024/04/05 06:02:21.399 [I] [product_controller.go:35]  productListRequest : {Sort:ASC Order:code Page:0 Size:2 Keyword:shampoo}
2024/04/05 06:02:21.430 [D] [server.go:2947]  |            ::1|[97;42m 200 [0m|   31.58725ms|   match|[97;44m GET     [0m /1.0/products   r:/1.0/products
2024/04/05 06:05:25.298 [I] [asm_arm64.s:1172]  Admin server Running on localhost:20001
2024/04/05 06:05:25.297 [I] [asm_arm64.s:1172]  http server Running on http://:20000
2024/04/05 06:05:30.445 [I] [product_controller.go:35]  productListRequest : {Sort:ASC Order:code Page:0 Size:2 Keyword:shampoo}
2024/04/05 06:05:30.466 [C] [panic.go:884]  the request url is  /1.0/products
2024/04/05 06:05:30.466 [C] [panic.go:884]  Handler crashed with error <Ormer> cannot find field `ProductDetails` for model `diskha-test/models.Product`
2024/04/05 06:05:30.467 [C] [panic.go:884]  /usr/local/go/src/runtime/panic.go:884
2024/04/05 06:05:30.467 [C] [panic.go:884]  /Users/macbookpro/Documents/go-workspace/src/diksha-test/vendor/github.com/astaxie/beego/orm/orm.go:121
2024/04/05 06:05:30.467 [C] [panic.go:884]  /Users/macbookpro/Documents/go-workspace/src/diksha-test/vendor/github.com/astaxie/beego/orm/orm.go:353
2024/04/05 06:05:30.467 [C] [panic.go:884]  /Users/macbookpro/Documents/go-workspace/src/diksha-test/vendor/github.com/astaxie/beego/orm/orm.go:278
2024/04/05 06:05:30.467 [C] [panic.go:884]  /Users/macbookpro/Documents/go-workspace/src/diksha-test/repositories/product_repository.go:35
2024/04/05 06:05:30.467 [C] [panic.go:884]  /Users/macbookpro/Documents/go-workspace/src/diksha-test/services/product_service.go:40
2024/04/05 06:05:30.467 [C] [panic.go:884]  /Users/macbookpro/Documents/go-workspace/src/diksha-test/controllers/product_controller.go:35
2024/04/05 06:05:30.467 [C] [panic.go:884]  /usr/local/go/src/reflect/value.go:584
2024/04/05 06:05:30.467 [C] [panic.go:884]  /usr/local/go/src/reflect/value.go:368
2024/04/05 06:05:30.467 [C] [panic.go:884]  /Users/macbookpro/Documents/go-workspace/src/diksha-test/vendor/github.com/astaxie/beego/router.go:897
2024/04/05 06:05:30.467 [C] [panic.go:884]  /usr/local/go/src/net/http/server.go:2947
2024/04/05 06:05:30.467 [C] [panic.go:884]  /usr/local/go/src/net/http/server.go:1991
2024/04/05 06:05:30.467 [C] [panic.go:884]  /usr/local/go/src/runtime/asm_arm64.s:1172
2024/04/05 06:05:30.468 [server.go:3228]  [HTTP] http: superfluous response.WriteHeader call from github.com/astaxie/beego/context.(*Response).WriteHeader (context.go:230)
2024/04/05 06:05:56.007 [I] [asm_arm64.s:1172]  http server Running on http://:20000
2024/04/05 06:05:56.007 [I] [asm_arm64.s:1172]  Admin server Running on localhost:20001
2024/04/05 06:06:01.169 [I] [product_controller.go:35]  productListRequest : {Sort:ASC Order:code Page:0 Size:2 Keyword:shampoo}
2024/04/05 06:06:01.191 [D] [server.go:2947]  |            ::1|[97;42m 200 [0m|  23.099667ms|   match|[97;44m GET     [0m /1.0/products   r:/1.0/products
2024/04/05 06:06:39.235 [I] [asm_arm64.s:1172]  http server Running on http://:20000
2024/04/05 06:06:39.235 [I] [asm_arm64.s:1172]  Admin server Running on localhost:20001
2024/04/05 06:06:46.475 [I] [product_controller.go:35]  productListRequest : {Sort:ASC Order:code Page:0 Size:2 Keyword:shampoo}
2024/04/05 06:06:46.487 [D] [server.go:2947]  |            ::1|[97;42m 200 [0m|  12.467625ms|   match|[97;44m GET     [0m /1.0/products   r:/1.0/products
2024/04/05 06:07:28.269 [I] [product_controller.go:35]  productListRequest : {Sort:DESC Order:createdAt Page:0 Size:2 Keyword:}
2024/04/05 06:07:28.282 [D] [server.go:2947]  |            ::1|[97;42m 200 [0m|  13.322334ms|   match|[97;44m GET     [0m /1.0/products   r:/1.0/products
2024/04/05 06:08:20.634 [I] [asm_arm64.s:1172]  Admin server Running on localhost:20001
2024/04/05 06:08:20.634 [I] [asm_arm64.s:1172]  http server Running on http://:20000
2024/04/05 06:09:34.415 [I] [asm_arm64.s:1172]  http server Running on http://:20000
2024/04/05 06:09:34.415 [I] [asm_arm64.s:1172]  Admin server Running on localhost:20001
2024/04/05 06:10:03.269 [I] [asm_arm64.s:1172]  Admin server Running on localhost:20001
2024/04/05 06:10:03.269 [I] [asm_arm64.s:1172]  http server Running on http://:20000
2024/04/05 06:10:11.770 [I] [product_controller.go:35]  productListRequest : {Sort:DESC Order:createdAt Page:0 Size:2 Keyword:}
2024/04/05 06:10:11.796 [D] [server.go:2947]  |            ::1|[97;42m 200 [0m|  26.186083ms|   match|[97;44m GET     [0m /1.0/products   r:/1.0/products
2024/04/05 06:12:07.819 [I] [asm_arm64.s:1172]  Admin server Running on localhost:20001
2024/04/05 06:12:07.819 [I] [asm_arm64.s:1172]  http server Running on http://:20000
2024/04/05 06:12:10.814 [I] [asm_arm64.s:1172]  http server Running on http://:20000
2024/04/05 06:12:10.814 [I] [asm_arm64.s:1172]  Admin server Running on localhost:20001
2024/04/05 06:12:13.877 [I] [product_controller.go:35]  productListRequest : {Sort:DESC Order:createdAt Page:0 Size:2 Keyword:}
2024/04/05 06:12:13.901 [D] [server.go:2947]  |            ::1|[97;42m 200 [0m|  24.006125ms|   match|[97;44m GET     [0m /1.0/products   r:/1.0/products
2024/04/05 06:12:30.183 [I] [product_controller.go:35]  productListRequest : {Sort:DESC Order:createdAt Page:0 Size:2 Keyword:}
2024/04/05 06:12:30.197 [D] [server.go:2947]  |            ::1|[97;42m 200 [0m|  14.874375ms|   match|[97;44m GET     [0m /1.0/products   r:/1.0/products
2024/04/05 06:12:32.893 [I] [asm_arm64.s:1172]  http server Running on http://:20000
2024/04/05 06:12:32.893 [I] [asm_arm64.s:1172]  Admin server Running on localhost:20001
2024/04/05 06:12:40.736 [I] [product_controller.go:35]  productListRequest : {Sort:DESC Order:createdAt Page:0 Size:2 Keyword:}
2024/04/05 06:12:40.747 [D] [server.go:2947]  |            ::1|[97;42m 200 [0m|  12.061334ms|   match|[97;44m GET     [0m /1.0/products   r:/1.0/products
2024/04/05 06:12:57.887 [I] [asm_arm64.s:1172]  Admin server Running on localhost:20001
2024/04/05 06:12:57.887 [I] [asm_arm64.s:1172]  http server Running on http://:20000
2024/04/05 06:13:07.666 [I] [asm_arm64.s:1172]  http server Running on http://:20000
2024/04/05 06:13:07.666 [I] [asm_arm64.s:1172]  Admin server Running on localhost:20001
2024/04/05 06:13:12.237 [I] [product_controller.go:35]  productListRequest : {Sort:DESC Order:createdAt Page:0 Size:2 Keyword:}
2024/04/05 06:13:12.247 [D] [server.go:2947]  |            ::1|[97;42m 200 [0m|  10.834625ms|   match|[97;44m GET     [0m /1.0/products   r:/1.0/products
2024/04/05 06:13:26.649 [I] [asm_arm64.s:1172]  Admin server Running on localhost:20001
2024/04/05 06:13:26.649 [I] [asm_arm64.s:1172]  http server Running on http://:20000
2024/04/05 06:13:29.010 [I] [asm_arm64.s:1172]  Admin server Running on localhost:20001
2024/04/05 06:13:29.009 [I] [asm_arm64.s:1172]  http server Running on http://:20000
2024/04/05 06:13:32.792 [I] [product_controller.go:35]  productListRequest : {Sort:DESC Order:createdAt Page:0 Size:2 Keyword:}
2024/04/05 06:13:32.802 [D] [server.go:2947]  |            ::1|[97;42m 200 [0m|  11.142792ms|   match|[97;44m GET     [0m /1.0/products   r:/1.0/products
2024/04/05 06:14:07.568 [I] [asm_arm64.s:1172]  Admin server Running on localhost:20001
2024/04/05 06:14:07.568 [I] [asm_arm64.s:1172]  http server Running on http://:20000
2024/04/05 06:14:13.895 [I] [product_controller.go:35]  productListRequest : {Sort:DESC Order:createdAt Page:0 Size:2 Keyword:}
2024/04/05 06:14:13.902 [D] [server.go:2947]  |            ::1|[97;42m 200 [0m|   7.335459ms|   match|[97;44m GET     [0m /1.0/products   r:/1.0/products
2024/04/05 06:14:50.371 [I] [asm_arm64.s:1172]  http server Running on http://:20000
2024/04/05 06:14:50.371 [I] [asm_arm64.s:1172]  Admin server Running on localhost:20001
2024/04/05 06:14:52.579 [I] [asm_arm64.s:1172]  Admin server Running on localhost:20001
2024/04/05 06:14:52.579 [I] [asm_arm64.s:1172]  http server Running on http://:20000
2024/04/05 06:16:01.270 [I] [asm_arm64.s:1172]  http server Running on http://:20000
2024/04/05 06:16:01.270 [I] [asm_arm64.s:1172]  Admin server Running on localhost:20001
2024/04/05 06:16:01.914 [I] [asm_arm64.s:1172]  http server Running on http://:20000
2024/04/05 06:16:01.914 [I] [asm_arm64.s:1172]  Admin server Running on localhost:20001
2024/04/05 06:16:09.577 [I] [product_controller.go:35]  productListRequest : {Sort:DESC Order:createdAt Page:0 Size:2 Keyword:}
2024/04/05 06:16:09.604 [D] [server.go:2947]  |            ::1|[97;42m 200 [0m|  27.343375ms|   match|[97;44m GET     [0m /1.0/products   r:/1.0/products
2024/04/05 06:16:20.404 [I] [asm_arm64.s:1172]  http server Running on http://:20000
2024/04/05 06:16:20.405 [I] [asm_arm64.s:1172]  Admin server Running on localhost:20001
2024/04/05 06:16:23.925 [I] [product_controller.go:35]  productListRequest : {Sort:DESC Order:createdAt Page:0 Size:2 Keyword:}
2024/04/05 06:16:23.931 [D] [server.go:2947]  |            ::1|[97;42m 200 [0m|   6.393875ms|   match|[97;44m GET     [0m /1.0/products   r:/1.0/products
2024/04/05 06:16:28.233 [I] [product_controller.go:35]  productListRequest : {Sort:ASC Order:code Page:0 Size:2 Keyword:shampoo}
2024/04/05 06:16:28.237 [D] [server.go:2947]  |            ::1|[97;42m 200 [0m|    3.29025ms|   match|[97;44m GET     [0m /1.0/products   r:/1.0/products
2024/04/05 06:17:27.176 [I] [product_controller.go:35]  productListRequest : {Sort:ASC Order:code Page:0 Size:2 Keyword:shampoo}
2024/04/05 06:17:27.182 [D] [server.go:2947]  |            ::1|[97;42m 200 [0m|   7.148833ms|   match|[97;44m GET     [0m /1.0/products   r:/1.0/products
2024/04/05 06:18:01.214 [I] [asm_arm64.s:1172]  http server Running on http://:20000
2024/04/05 06:18:01.214 [I] [asm_arm64.s:1172]  Admin server Running on localhost:20001
2024/04/05 06:18:35.525 [I] [asm_arm64.s:1172]  http server Running on http://:20000
2024/04/05 06:18:35.525 [I] [asm_arm64.s:1172]  Admin server Running on localhost:20001
2024/04/05 06:19:23.009 [I] [asm_arm64.s:1172]  http server Running on http://:20000
2024/04/05 06:19:23.009 [I] [asm_arm64.s:1172]  Admin server Running on localhost:20001
2024/04/05 06:19:36.781 [I] [asm_arm64.s:1172]  http server Running on http://:20000
2024/04/05 06:19:36.781 [I] [asm_arm64.s:1172]  Admin server Running on localhost:20001
2024/04/05 06:19:46.122 [I] [asm_arm64.s:1172]  http server Running on http://:20000
2024/04/05 06:19:46.122 [I] [asm_arm64.s:1172]  Admin server Running on localhost:20001
2024/04/05 06:20:24.972 [I] [asm_arm64.s:1172]  http server Running on http://:20000
2024/04/05 06:20:24.972 [I] [asm_arm64.s:1172]  Admin server Running on localhost:20001
2024/04/05 06:20:34.936 [I] [asm_arm64.s:1172]  http server Running on http://:20000
2024/04/05 06:20:34.936 [I] [asm_arm64.s:1172]  Admin server Running on localhost:20001
2024/04/05 06:20:42.981 [I] [asm_arm64.s:1172]  http server Running on http://:20000
2024/04/05 06:20:42.981 [I] [asm_arm64.s:1172]  Admin server Running on localhost:20001
2024/04/05 06:20:54.750 [I] [asm_arm64.s:1172]  http server Running on http://:20000
2024/04/05 06:20:54.750 [I] [asm_arm64.s:1172]  Admin server Running on localhost:20001
2024/04/05 06:21:26.098 [I] [asm_arm64.s:1172]  http server Running on http://:20000
2024/04/05 06:21:26.098 [I] [asm_arm64.s:1172]  Admin server Running on localhost:20001
2024/04/05 06:21:45.841 [I] [asm_arm64.s:1172]  http server Running on http://:20000
2024/04/05 06:21:45.841 [I] [asm_arm64.s:1172]  Admin server Running on localhost:20001
2024/04/05 06:21:53.837 [I] [asm_arm64.s:1172]  http server Running on http://:20000
2024/04/05 06:21:53.837 [I] [asm_arm64.s:1172]  Admin server Running on localhost:20001
2024/04/05 06:22:05.954 [I] [asm_arm64.s:1172]  http server Running on http://:20000
2024/04/05 06:22:05.954 [I] [asm_arm64.s:1172]  Admin server Running on localhost:20001
2024/04/05 06:22:55.171 [I] [asm_arm64.s:1172]  http server Running on http://:20000
2024/04/05 06:22:55.171 [I] [asm_arm64.s:1172]  Admin server Running on localhost:20001
2024/04/05 06:23:14.312 [I] [asm_arm64.s:1172]  http server Running on http://:20000
2024/04/05 06:23:14.312 [I] [asm_arm64.s:1172]  Admin server Running on localhost:20001
2024/04/05 06:23:48.532 [I] [asm_arm64.s:1172]  http server Running on http://:20000
2024/04/05 06:23:48.532 [I] [asm_arm64.s:1172]  Admin server Running on localhost:20001
2024/04/05 06:24:07.937 [I] [asm_arm64.s:1172]  http server Running on http://:20000
2024/04/05 06:24:07.937 [I] [asm_arm64.s:1172]  Admin server Running on localhost:20001
2024/04/05 06:24:25.118 [I] [asm_arm64.s:1172]  Admin server Running on localhost:20001
2024/04/05 06:24:25.118 [I] [asm_arm64.s:1172]  http server Running on http://:20000
2024/04/05 06:24:31.822 [I] [asm_arm64.s:1172]  http server Running on http://:20000
2024/04/05 06:24:31.822 [I] [asm_arm64.s:1172]  Admin server Running on localhost:20001
2024/04/05 06:24:37.711 [I] [asm_arm64.s:1172]  http server Running on http://:20000
2024/04/05 06:24:37.711 [I] [asm_arm64.s:1172]  Admin server Running on localhost:20001
2024/04/05 06:24:44.672 [I] [asm_arm64.s:1172]  http server Running on http://:20000
2024/04/05 06:24:44.672 [I] [asm_arm64.s:1172]  Admin server Running on localhost:20001
2024/04/05 06:24:50.024 [I] [asm_arm64.s:1172]  http server Running on http://:20000
2024/04/05 06:24:50.024 [I] [asm_arm64.s:1172]  Admin server Running on localhost:20001
2024/04/05 06:34:45.533 [I] [asm_arm64.s:1172]  http server Running on http://:20000
2024/04/05 06:34:45.533 [I] [asm_arm64.s:1172]  Admin server Running on localhost:20001
2024/04/05 06:35:19.334 [I] [asm_arm64.s:1172]  http server Running on http://:20000
2024/04/05 06:35:19.334 [I] [asm_arm64.s:1172]  Admin server Running on localhost:20001
2024/04/05 06:35:31.224 [I] [asm_arm64.s:1172]  http server Running on http://:20000
2024/04/05 06:35:31.224 [I] [asm_arm64.s:1172]  Admin server Running on localhost:20001
2024/04/05 06:35:56.757 [I] [asm_arm64.s:1172]  http server Running on http://:20000
2024/04/05 06:35:56.757 [I] [asm_arm64.s:1172]  Admin server Running on localhost:20001
2024/04/05 06:36:02.466 [I] [asm_arm64.s:1172]  http server Running on http://:20000
2024/04/05 06:36:02.466 [I] [asm_arm64.s:1172]  Admin server Running on localhost:20001
2024/04/05 06:38:14.292 [I] [asm_arm64.s:1172]  http server Running on http://:20000
2024/04/05 06:38:14.293 [I] [asm_arm64.s:1172]  Admin server Running on localhost:20001
2024/04/05 06:38:26.448 [I] [asm_arm64.s:1172]  http server Running on http://:20000
2024/04/05 06:38:26.448 [I] [asm_arm64.s:1172]  Admin server Running on localhost:20001
2024/04/05 06:39:06.003 [I] [asm_arm64.s:1172]  http server Running on http://:20000
2024/04/05 06:39:06.003 [I] [asm_arm64.s:1172]  Admin server Running on localhost:20001
2024/04/05 06:39:34.396 [I] [asm_arm64.s:1172]  Admin server Running on localhost:20001
2024/04/05 06:39:34.396 [I] [asm_arm64.s:1172]  http server Running on http://:20000
2024/04/05 06:39:38.435 [I] [asm_arm64.s:1172]  http server Running on http://:20000
2024/04/05 06:39:38.436 [I] [asm_arm64.s:1172]  Admin server Running on localhost:20001
2024/04/05 06:40:03.541 [I] [asm_arm64.s:1172]  Admin server Running on localhost:20001
2024/04/05 06:40:03.541 [I] [asm_arm64.s:1172]  http server Running on http://:20000
2024/04/05 06:40:17.804 [I] [asm_arm64.s:1172]  Admin server Running on localhost:20001
2024/04/05 06:40:17.804 [I] [asm_arm64.s:1172]  http server Running on http://:20000
2024/04/05 06:40:27.787 [I] [asm_arm64.s:1172]  Admin server Running on localhost:20001
2024/04/05 06:40:27.787 [I] [asm_arm64.s:1172]  http server Running on http://:20000
2024/04/05 06:40:41.244 [I] [asm_arm64.s:1172]  http server Running on http://:20000
2024/04/05 06:40:41.245 [I] [asm_arm64.s:1172]  Admin server Running on localhost:20001
2024/04/05 06:40:41.961 [I] [asm_arm64.s:1172]  http server Running on http://:20000
2024/04/05 06:40:41.961 [I] [asm_arm64.s:1172]  Admin server Running on localhost:20001
2024/04/05 06:41:06.922 [I] [asm_arm64.s:1172]  http server Running on http://:20000
2024/04/05 06:41:06.922 [I] [asm_arm64.s:1172]  Admin server Running on localhost:20001
2024/04/05 06:43:58.912 [I] [asm_arm64.s:1172]  http server Running on http://:20000
2024/04/05 06:43:58.912 [I] [asm_arm64.s:1172]  Admin server Running on localhost:20001
2024/04/05 06:44:06.829 [I] [asm_arm64.s:1172]  http server Running on http://:20000
2024/04/05 06:44:06.830 [I] [asm_arm64.s:1172]  Admin server Running on localhost:20001
2024/04/05 06:44:31.785 [I] [asm_arm64.s:1172]  Admin server Running on localhost:20001
2024/04/05 06:44:31.785 [I] [asm_arm64.s:1172]  http server Running on http://:20000
2024/04/05 06:44:42.459 [I] [asm_arm64.s:1172]  Admin server Running on localhost:20001
2024/04/05 06:44:42.459 [I] [asm_arm64.s:1172]  http server Running on http://:20000
2024/04/05 06:45:35.199 [I] [asm_arm64.s:1172]  http server Running on http://:20000
2024/04/05 06:45:35.199 [I] [asm_arm64.s:1172]  Admin server Running on localhost:20001
2024/04/05 06:50:36.576 [I] [asm_arm64.s:1172]  Admin server Running on localhost:20001
2024/04/05 06:50:36.575 [I] [asm_arm64.s:1172]  http server Running on http://:20000
2024/04/05 06:51:23.595 [I] [asm_arm64.s:1172]  http server Running on http://:20000
2024/04/05 06:51:23.595 [I] [asm_arm64.s:1172]  Admin server Running on localhost:20001
2024/04/05 06:51:33.152 [I] [asm_arm64.s:1172]  http server Running on http://:20000
2024/04/05 06:51:33.152 [I] [asm_arm64.s:1172]  Admin server Running on localhost:20001
2024/04/05 06:51:45.672 [I] [asm_arm64.s:1172]  http server Running on http://:20000
2024/04/05 06:51:45.672 [I] [asm_arm64.s:1172]  Admin server Running on localhost:20001
2024/04/05 06:52:39.494 [I] [asm_arm64.s:1172]  http server Running on http://:20000
2024/04/05 06:52:39.494 [I] [asm_arm64.s:1172]  Admin server Running on localhost:20001
2024/04/05 06:52:59.433 [I] [asm_arm64.s:1172]  http server Running on http://:20000
2024/04/05 06:52:59.433 [I] [asm_arm64.s:1172]  Admin server Running on localhost:20001
2024/04/05 06:54:09.039 [I] [asm_arm64.s:1172]  http server Running on http://:20000
2024/04/05 06:54:09.039 [I] [asm_arm64.s:1172]  Admin server Running on localhost:20001
2024/04/05 06:54:09.467 [I] [asm_arm64.s:1172]  http server Running on http://:20000
2024/04/05 06:54:09.467 [I] [asm_arm64.s:1172]  Admin server Running on localhost:20001
2024/04/05 07:13:25.995 [I] [order_controller.go:35]  productListRequest : {Sort:DESC Order:createdAt Page:0 Size:20 Keyword:}
2024/04/05 07:13:26.031 [D] [server.go:2947]  |            ::1|[97;42m 200 [0m|  43.070084ms|   match|[97;46m POST    [0m /1.0/orders/checkout   r:/1.0/orders/checkout
2024/04/05 07:14:34.227 [I] [asm_arm64.s:1172]  http server Running on http://:20000
2024/04/05 07:14:34.227 [I] [asm_arm64.s:1172]  Admin server Running on localhost:20001
2024/04/05 07:14:39.069 [I] [order_controller.go:27]  checkout request: {UserPubID:7f8fa80d-0465-47cb-9458-73992cf2e341 Details:[]}
2024/04/05 07:14:39.069 [D] [server.go:2947]  |            ::1|[97;42m 200 [0m|    852.833µs|   match|[97;46m POST    [0m /1.0/orders/checkout   r:/1.0/orders/checkout
2024/04/05 07:14:56.839 [I] [asm_arm64.s:1172]  Admin server Running on localhost:20001
2024/04/05 07:14:56.839 [I] [asm_arm64.s:1172]  http server Running on http://:20000
2024/04/05 07:14:59.124 [I] [order_controller.go:27]  checkout request: {UserPubID:7f8fa80d-0465-47cb-9458-73992cf2e341 Details:[{ProductPubID:d6219f47-587b-4719-a585-2627f713012d Qty:100}]}
2024/04/05 07:14:59.132 [C] [panic.go:884]  the request url is  /1.0/orders/checkout
2024/04/05 07:14:59.132 [C] [panic.go:884]  Handler crashed with error runtime error: index out of range [0] with length 0
2024/04/05 07:14:59.132 [C] [panic.go:884]  /usr/local/go/src/runtime/panic.go:884
2024/04/05 07:14:59.132 [C] [panic.go:884]  /usr/local/go/src/runtime/panic.go:113
2024/04/05 07:14:59.132 [C] [panic.go:884]  /Users/macbookpro/Documents/go-workspace/src/diksha-test/repositories/order_repository.go:29
2024/04/05 07:14:59.132 [C] [panic.go:884]  /Users/macbookpro/Documents/go-workspace/src/diksha-test/services/order_service.go:42
2024/04/05 07:14:59.132 [C] [panic.go:884]  /Users/macbookpro/Documents/go-workspace/src/diksha-test/controllers/order_controller.go:27
2024/04/05 07:14:59.132 [C] [panic.go:884]  /usr/local/go/src/reflect/value.go:584
2024/04/05 07:14:59.132 [C] [panic.go:884]  /usr/local/go/src/reflect/value.go:368
2024/04/05 07:14:59.134 [C] [panic.go:884]  /Users/macbookpro/Documents/go-workspace/src/diksha-test/vendor/github.com/astaxie/beego/router.go:897
2024/04/05 07:14:59.134 [C] [panic.go:884]  /usr/local/go/src/net/http/server.go:2947
2024/04/05 07:14:59.134 [C] [panic.go:884]  /usr/local/go/src/net/http/server.go:1991
2024/04/05 07:14:59.134 [C] [panic.go:884]  /usr/local/go/src/runtime/asm_arm64.s:1172
2024/04/05 07:14:59.135 [server.go:3228]  [HTTP] http: superfluous response.WriteHeader call from github.com/astaxie/beego/context.(*Response).WriteHeader (context.go:230)
2024/04/05 07:16:04.553 [I] [asm_arm64.s:1172]  Admin server Running on localhost:20001
2024/04/05 07:16:04.553 [I] [asm_arm64.s:1172]  http server Running on http://:20000
2024/04/05 07:16:08.152 [I] [asm_arm64.s:1172]  Admin server Running on localhost:20001
2024/04/05 07:16:08.151 [I] [asm_arm64.s:1172]  http server Running on http://:20000
2024/04/05 07:16:13.931 [I] [asm_arm64.s:1172]  Admin server Running on localhost:20001
2024/04/05 07:16:13.931 [I] [asm_arm64.s:1172]  http server Running on http://:20000
2024/04/05 07:16:25.272 [I] [asm_arm64.s:1172]  Admin server Running on localhost:20001
2024/04/05 07:16:25.272 [I] [asm_arm64.s:1172]  http server Running on http://:20000
2024/04/05 07:16:34.673 [I] [asm_arm64.s:1172]  Admin server Running on localhost:20001
2024/04/05 07:16:34.673 [I] [asm_arm64.s:1172]  http server Running on http://:20000
2024/04/05 07:16:39.120 [I] [asm_arm64.s:1172]  Admin server Running on localhost:20001
2024/04/05 07:16:39.120 [I] [asm_arm64.s:1172]  http server Running on http://:20000
2024/04/05 07:16:43.505 [I] [asm_arm64.s:1172]  http server Running on http://:20000
2024/04/05 07:16:43.505 [I] [asm_arm64.s:1172]  Admin server Running on localhost:20001
2024/04/05 07:16:46.906 [I] [asm_arm64.s:1172]  http server Running on http://:20000
2024/04/05 07:16:46.907 [I] [asm_arm64.s:1172]  Admin server Running on localhost:20001
2024/04/05 07:16:51.406 [I] [order_controller.go:27]  checkout request: {UserPubID:7f8fa80d-0465-47cb-9458-73992cf2e341 Details:[{ProductPubID:d6219f47-587b-4719-a585-2627f713012d Qty:100}]}
2024/04/05 07:16:51.412 [C] [panic.go:884]  the request url is  /1.0/orders/checkout
2024/04/05 07:16:51.412 [C] [panic.go:884]  Handler crashed with error runtime error: index out of range [0] with length 0
2024/04/05 07:16:51.412 [C] [panic.go:884]  /usr/local/go/src/runtime/panic.go:884
2024/04/05 07:16:51.412 [C] [panic.go:884]  /usr/local/go/src/runtime/panic.go:113
2024/04/05 07:16:51.412 [C] [panic.go:884]  /Users/macbookpro/Documents/go-workspace/src/diksha-test/repositories/order_repository.go:29
2024/04/05 07:16:51.412 [C] [panic.go:884]  /Users/macbookpro/Documents/go-workspace/src/diksha-test/services/order_service.go:42
2024/04/05 07:16:51.412 [C] [panic.go:884]  /Users/macbookpro/Documents/go-workspace/src/diksha-test/controllers/order_controller.go:27
2024/04/05 07:16:51.413 [C] [panic.go:884]  /usr/local/go/src/reflect/value.go:584
2024/04/05 07:16:51.413 [C] [panic.go:884]  /usr/local/go/src/reflect/value.go:368
2024/04/05 07:16:51.420 [C] [panic.go:884]  /Users/macbookpro/Documents/go-workspace/src/diksha-test/vendor/github.com/astaxie/beego/router.go:897
2024/04/05 07:16:51.420 [C] [panic.go:884]  /usr/local/go/src/net/http/server.go:2947
2024/04/05 07:16:51.420 [C] [panic.go:884]  /usr/local/go/src/net/http/server.go:1991
2024/04/05 07:16:51.420 [C] [panic.go:884]  /usr/local/go/src/runtime/asm_arm64.s:1172
2024/04/05 07:16:51.421 [server.go:3228]  [HTTP] http: superfluous response.WriteHeader call from github.com/astaxie/beego/context.(*Response).WriteHeader (context.go:230)
2024/04/05 07:17:09.097 [I] [asm_arm64.s:1172]  Admin server Running on localhost:20001
2024/04/05 07:17:09.097 [I] [asm_arm64.s:1172]  http server Running on http://:20000
2024/04/05 07:17:15.580 [I] [asm_arm64.s:1172]  http server Running on http://:20000
2024/04/05 07:17:15.580 [I] [asm_arm64.s:1172]  Admin server Running on localhost:20001
2024/04/05 07:17:19.634 [I] [order_controller.go:27]  checkout request: {UserPubID:7f8fa80d-0465-47cb-9458-73992cf2e341 Details:[{ProductPubID:d6219f47-587b-4719-a585-2627f713012d Qty:100}]}
2024/04/05 07:17:19.657 [C] [panic.go:884]  the request url is  /1.0/orders/checkout
2024/04/05 07:17:19.659 [C] [panic.go:884]  Handler crashed with error interface conversion: interface {} is nil, not string
2024/04/05 07:17:19.660 [C] [panic.go:884]  /usr/local/go/src/runtime/panic.go:884
2024/04/05 07:17:19.660 [C] [panic.go:884]  /usr/local/go/src/runtime/iface.go:262
2024/04/05 07:17:19.660 [C] [panic.go:884]  /Users/macbookpro/Documents/go-workspace/src/diksha-test/repositories/order_repository.go:29
2024/04/05 07:17:19.660 [C] [panic.go:884]  /Users/macbookpro/Documents/go-workspace/src/diksha-test/services/order_service.go:42
2024/04/05 07:17:19.660 [C] [panic.go:884]  /Users/macbookpro/Documents/go-workspace/src/diksha-test/controllers/order_controller.go:27
2024/04/05 07:17:19.660 [C] [panic.go:884]  /usr/local/go/src/reflect/value.go:584
2024/04/05 07:17:19.661 [C] [panic.go:884]  /usr/local/go/src/reflect/value.go:368
2024/04/05 07:17:19.663 [C] [panic.go:884]  /Users/macbookpro/Documents/go-workspace/src/diksha-test/vendor/github.com/astaxie/beego/router.go:897
2024/04/05 07:17:19.663 [C] [panic.go:884]  /usr/local/go/src/net/http/server.go:2947
2024/04/05 07:17:19.663 [C] [panic.go:884]  /usr/local/go/src/net/http/server.go:1991
2024/04/05 07:17:19.663 [C] [panic.go:884]  /usr/local/go/src/runtime/asm_arm64.s:1172
2024/04/05 07:17:19.664 [server.go:3228]  [HTTP] http: superfluous response.WriteHeader call from github.com/astaxie/beego/context.(*Response).WriteHeader (context.go:230)
2024/04/05 07:17:50.708 [I] [asm_arm64.s:1172]  http server Running on http://:20000
2024/04/05 07:17:50.708 [I] [asm_arm64.s:1172]  Admin server Running on localhost:20001
2024/04/05 07:18:02.789 [I] [order_controller.go:27]  checkout request: {UserPubID:7f8fa80d-0465-47cb-9458-73992cf2e341 Details:[{ProductPubID:d6219f47-587b-4719-a585-2627f713012d Qty:100}]}
2024/04/05 07:18:02.794 [C] [panic.go:884]  the request url is  /1.0/orders/checkout
2024/04/05 07:18:02.794 [C] [panic.go:884]  Handler crashed with error interface conversion: interface {} is nil, not string
2024/04/05 07:18:02.794 [C] [panic.go:884]  /usr/local/go/src/runtime/panic.go:884
2024/04/05 07:18:02.794 [C] [panic.go:884]  /usr/local/go/src/runtime/iface.go:262
2024/04/05 07:18:02.794 [C] [panic.go:884]  /Users/macbookpro/Documents/go-workspace/src/diksha-test/repositories/order_repository.go:31
2024/04/05 07:18:02.795 [C] [panic.go:884]  /Users/macbookpro/Documents/go-workspace/src/diksha-test/services/order_service.go:42
2024/04/05 07:18:02.795 [C] [panic.go:884]  /Users/macbookpro/Documents/go-workspace/src/diksha-test/controllers/order_controller.go:27
2024/04/05 07:18:02.795 [C] [panic.go:884]  /usr/local/go/src/reflect/value.go:584
2024/04/05 07:18:02.795 [C] [panic.go:884]  /usr/local/go/src/reflect/value.go:368
2024/04/05 07:18:02.795 [C] [panic.go:884]  /Users/macbookpro/Documents/go-workspace/src/diksha-test/vendor/github.com/astaxie/beego/router.go:897
2024/04/05 07:18:02.795 [C] [panic.go:884]  /usr/local/go/src/net/http/server.go:2947
2024/04/05 07:18:02.795 [C] [panic.go:884]  /usr/local/go/src/net/http/server.go:1991
2024/04/05 07:18:02.803 [C] [panic.go:884]  /usr/local/go/src/runtime/asm_arm64.s:1172
2024/04/05 07:18:02.803 [server.go:3228]  [HTTP] http: superfluous response.WriteHeader call from github.com/astaxie/beego/context.(*Response).WriteHeader (context.go:230)
2024/04/05 07:18:51.669 [I] [asm_arm64.s:1172]  http server Running on http://:20000
2024/04/05 07:18:51.669 [I] [asm_arm64.s:1172]  Admin server Running on localhost:20001
2024/04/05 07:18:51.919 [I] [asm_arm64.s:1172]  http server Running on http://:20000
2024/04/05 07:18:51.919 [I] [asm_arm64.s:1172]  Admin server Running on localhost:20001
2024/04/05 07:19:02.781 [I] [asm_arm64.s:1172]  Admin server Running on localhost:20001
2024/04/05 07:19:02.781 [I] [asm_arm64.s:1172]  http server Running on http://:20000
2024/04/05 07:19:09.556 [I] [order_controller.go:27]  checkout request: {UserPubID:7f8fa80d-0465-47cb-9458-73992cf2e341 Details:[{ProductPubID:d6219f47-587b-4719-a585-2627f713012d Qty:100}]}
2024/04/05 07:19:09.576 [C] [panic.go:884]  the request url is  /1.0/orders/checkout
2024/04/05 07:19:09.577 [C] [panic.go:884]  Handler crashed with error interface conversion: interface {} is nil, not string
2024/04/05 07:19:09.577 [C] [panic.go:884]  /usr/local/go/src/runtime/panic.go:884
2024/04/05 07:19:09.577 [C] [panic.go:884]  /usr/local/go/src/runtime/iface.go:262
2024/04/05 07:19:09.577 [C] [panic.go:884]  /Users/macbookpro/Documents/go-workspace/src/diksha-test/repositories/order_repository.go:33
2024/04/05 07:19:09.577 [C] [panic.go:884]  /Users/macbookpro/Documents/go-workspace/src/diksha-test/services/order_service.go:42
2024/04/05 07:19:09.577 [C] [panic.go:884]  /Users/macbookpro/Documents/go-workspace/src/diksha-test/controllers/order_controller.go:27
2024/04/05 07:19:09.577 [C] [panic.go:884]  /usr/local/go/src/reflect/value.go:584
2024/04/05 07:19:09.577 [C] [panic.go:884]  /usr/local/go/src/reflect/value.go:368
2024/04/05 07:19:09.579 [C] [panic.go:884]  /Users/macbookpro/Documents/go-workspace/src/diksha-test/vendor/github.com/astaxie/beego/router.go:897
2024/04/05 07:19:09.579 [C] [panic.go:884]  /usr/local/go/src/net/http/server.go:2947
2024/04/05 07:19:09.579 [C] [panic.go:884]  /usr/local/go/src/net/http/server.go:1991
2024/04/05 07:19:09.579 [C] [panic.go:884]  /usr/local/go/src/runtime/asm_arm64.s:1172
2024/04/05 07:19:09.580 [server.go:3228]  [HTTP] http: superfluous response.WriteHeader call from github.com/astaxie/beego/context.(*Response).WriteHeader (context.go:230)
2024/04/05 07:19:34.884 [I] [asm_arm64.s:1172]  Admin server Running on localhost:20001
2024/04/05 07:19:34.884 [I] [asm_arm64.s:1172]  http server Running on http://:20000
2024/04/05 07:19:39.759 [I] [order_controller.go:27]  checkout request: {UserPubID:7f8fa80d-0465-47cb-9458-73992cf2e341 Details:[{ProductPubID:d6219f47-587b-4719-a585-2627f713012d Qty:100}]}
2024/04/05 07:19:39.778 [W] [order_controller.go:27]  [1712276379758717000] Out of stock product: d6219f47-587b-4719-a585-2627f713012d
2024/04/05 07:19:39.779 [D] [server.go:2947]  |            ::1|[97;42m 200 [0m|  20.478917ms|   match|[97;46m POST    [0m /1.0/orders/checkout   r:/1.0/orders/checkout
2024/04/05 07:20:01.062 [I] [asm_arm64.s:1172]  Admin server Running on localhost:20001
2024/04/05 07:20:01.062 [I] [asm_arm64.s:1172]  http server Running on http://:20000
2024/04/05 07:20:04.847 [I] [order_controller.go:27]  checkout request: {UserPubID:7f8fa80d-0465-47cb-9458-73992cf2e341 Details:[{ProductPubID:d6219f47-587b-4719-a585-2627f713012d Qty:100}]}
2024/04/05 07:20:04.852 [W] [order_controller.go:27]  [1712276404846703000] Out of stock product: d6219f47-587b-4719-a585-2627f713012d
2024/04/05 07:20:04.852 [D] [server.go:2947]  |            ::1|[97;42m 200 [0m|   6.289375ms|   match|[97;46m POST    [0m /1.0/orders/checkout   r:/1.0/orders/checkout
2024/04/05 07:20:09.823 [I] [order_controller.go:27]  checkout request: {UserPubID:7f8fa80d-0465-47cb-9458-73992cf2e341 Details:[{ProductPubID:d6219f47-587b-4719-a585-2627f713012d Qty:1}]}
2024/04/05 07:20:09.829 [D] [server.go:2947]  |            ::1|[97;42m 200 [0m|   6.752416ms|   match|[97;46m POST    [0m /1.0/orders/checkout   r:/1.0/orders/checkout
2024/04/05 07:24:07.889 [I] [asm_arm64.s:1172]  Admin server Running on localhost:20001
2024/04/05 07:24:07.889 [I] [asm_arm64.s:1172]  http server Running on http://:20000
2024/04/05 07:24:23.552 [I] [asm_arm64.s:1172]  Admin server Running on localhost:20001
2024/04/05 07:24:23.552 [I] [asm_arm64.s:1172]  http server Running on http://:20000
2024/04/05 07:34:52.147 [I] [asm_arm64.s:1172]  http server Running on http://:20000
2024/04/05 07:34:52.147 [I] [asm_arm64.s:1172]  Admin server Running on localhost:20001
2024/04/05 07:35:20.163 [I] [asm_arm64.s:1172]  http server Running on http://:20000
2024/04/05 07:35:20.163 [I] [asm_arm64.s:1172]  Admin server Running on localhost:20001
2024/04/05 07:35:24.779 [I] [asm_arm64.s:1172]  http server Running on http://:20000
2024/04/05 07:35:24.779 [I] [asm_arm64.s:1172]  Admin server Running on localhost:20001
2024/04/05 07:35:33.872 [I] [order_controller.go:29]  checkout request: {UserPubID:7f8fa80d-0465-47cb-9458-73992cf2e341 Details:[{ProductPubID:d6219f47-587b-4719-a585-2627f713012d Qty:1}]}
2024/04/05 07:35:33.902 [C] [panic.go:884]  the request url is  /1.0/orders/checkout
2024/04/05 07:35:33.903 [C] [panic.go:884]  Handler crashed with error <Ormer> table: `diskha-test/models.Order` not found, make sure it was registered with `RegisterModel()`
2024/04/05 07:35:33.903 [C] [panic.go:884]  /usr/local/go/src/runtime/panic.go:884
2024/04/05 07:35:33.903 [C] [panic.go:884]  /Users/macbookpro/Documents/go-workspace/src/diksha-test/vendor/github.com/astaxie/beego/orm/orm.go:114
2024/04/05 07:35:33.903 [C] [panic.go:884]  /Users/macbookpro/Documents/go-workspace/src/diksha-test/vendor/github.com/astaxie/beego/orm/orm.go:163
2024/04/05 07:35:33.903 [C] [panic.go:884]  /Users/macbookpro/Documents/go-workspace/src/diksha-test/repositories/order_repository.go:21
2024/04/05 07:35:33.903 [C] [panic.go:884]  /Users/macbookpro/Documents/go-workspace/src/diksha-test/services/order_service.go:76
2024/04/05 07:35:33.903 [C] [panic.go:884]  /Users/macbookpro/Documents/go-workspace/src/diksha-test/controllers/order_controller.go:29
2024/04/05 07:35:33.903 [C] [panic.go:884]  /usr/local/go/src/reflect/value.go:584
2024/04/05 07:35:33.903 [C] [panic.go:884]  /usr/local/go/src/reflect/value.go:368
2024/04/05 07:35:33.903 [C] [panic.go:884]  /Users/macbookpro/Documents/go-workspace/src/diksha-test/vendor/github.com/astaxie/beego/router.go:897
2024/04/05 07:35:33.904 [C] [panic.go:884]  /usr/local/go/src/net/http/server.go:2947
2024/04/05 07:35:33.904 [C] [panic.go:884]  /usr/local/go/src/net/http/server.go:1991
2024/04/05 07:35:33.904 [C] [panic.go:884]  /usr/local/go/src/runtime/asm_arm64.s:1172
2024/04/05 07:35:33.905 [server.go:3228]  [HTTP] http: superfluous response.WriteHeader call from github.com/astaxie/beego/context.(*Response).WriteHeader (context.go:230)
2024/04/05 07:38:19.347 [I] [asm_arm64.s:1172]  http server Running on http://:20000
2024/04/05 07:38:19.347 [I] [asm_arm64.s:1172]  Admin server Running on localhost:20001
2024/04/05 07:38:31.365 [I] [asm_arm64.s:1172]  http server Running on http://:20000
2024/04/05 07:38:31.365 [I] [asm_arm64.s:1172]  Admin server Running on localhost:20001
2024/04/05 07:38:40.229 [I] [order_controller.go:29]  checkout request: {UserPubID:7f8fa80d-0465-47cb-9458-73992cf2e341 Details:[{ProductPubID:d6219f47-587b-4719-a585-2627f713012d Qty:1}]}
2024/04/05 07:38:40.279 [D] [server.go:2947]  |            ::1|[97;42m 200 [0m|   53.47775ms|   match|[97;46m POST    [0m /1.0/orders/checkout   r:/1.0/orders/checkout
2024/04/05 07:40:47.052 [I] [asm_arm64.s:1172]  http server Running on http://:20000
2024/04/05 07:40:47.052 [I] [asm_arm64.s:1172]  Admin server Running on localhost:20001
2024/04/05 07:41:26.376 [I] [asm_arm64.s:1172]  http server Running on http://:20000
2024/04/05 07:41:26.376 [I] [asm_arm64.s:1172]  Admin server Running on localhost:20001
2024/04/05 07:41:37.046 [I] [asm_arm64.s:1172]  http server Running on http://:20000
2024/04/05 07:41:37.046 [I] [asm_arm64.s:1172]  Admin server Running on localhost:20001
2024/04/05 07:41:41.628 [I] [asm_arm64.s:1172]  http server Running on http://:20000
2024/04/05 07:41:41.628 [I] [asm_arm64.s:1172]  Admin server Running on localhost:20001
2024/04/05 07:41:45.304 [I] [asm_arm64.s:1172]  http server Running on http://:20000
2024/04/05 07:41:45.304 [I] [asm_arm64.s:1172]  Admin server Running on localhost:20001
2024/04/05 07:41:48.257 [I] [asm_arm64.s:1172]  http server Running on http://:20000
2024/04/05 07:41:48.257 [I] [asm_arm64.s:1172]  Admin server Running on localhost:20001
2024/04/05 07:42:00.906 [I] [asm_arm64.s:1172]  http server Running on http://:20000
2024/04/05 07:42:00.907 [I] [asm_arm64.s:1172]  Admin server Running on localhost:20001
2024/04/05 07:42:03.207 [I] [asm_arm64.s:1172]  http server Running on http://:20000
2024/04/05 07:42:03.207 [I] [asm_arm64.s:1172]  Admin server Running on localhost:20001
2024/04/05 07:42:10.491 [I] [asm_arm64.s:1172]  http server Running on http://:20000
2024/04/05 07:42:10.491 [I] [asm_arm64.s:1172]  Admin server Running on localhost:20001
2024/04/05 07:42:13.933 [I] [asm_arm64.s:1172]  http server Running on http://:20000
2024/04/05 07:42:13.933 [I] [asm_arm64.s:1172]  Admin server Running on localhost:20001
2024/04/05 07:42:41.391 [I] [asm_arm64.s:1172]  Admin server Running on localhost:20001
2024/04/05 07:42:41.391 [I] [asm_arm64.s:1172]  http server Running on http://:20000
2024/04/05 07:42:43.398 [I] [asm_arm64.s:1172]  http server Running on http://:20000
2024/04/05 07:42:43.398 [I] [asm_arm64.s:1172]  Admin server Running on localhost:20001
2024/04/05 07:42:55.348 [I] [asm_arm64.s:1172]  http server Running on http://:20000
2024/04/05 07:42:55.348 [I] [asm_arm64.s:1172]  Admin server Running on localhost:20001
2024/04/05 07:43:00.266 [I] [asm_arm64.s:1172]  http server Running on http://:20000
2024/04/05 07:43:00.266 [I] [asm_arm64.s:1172]  Admin server Running on localhost:20001
2024/04/05 07:44:33.500 [I] [asm_arm64.s:1172]  http server Running on http://:20000
2024/04/05 07:44:33.500 [I] [asm_arm64.s:1172]  Admin server Running on localhost:20001
2024/04/05 07:45:22.187 [I] [asm_arm64.s:1172]  http server Running on http://:20000
2024/04/05 07:45:22.187 [I] [asm_arm64.s:1172]  Admin server Running on localhost:20001
2024/04/05 07:46:11.538 [I] [asm_arm64.s:1172]  http server Running on http://:20000
2024/04/05 07:46:11.538 [I] [asm_arm64.s:1172]  Admin server Running on localhost:20001
2024/04/05 08:03:25.539 [I] [asm_arm64.s:1172]  http server Running on http://:20000
2024/04/05 08:03:25.539 [I] [asm_arm64.s:1172]  Admin server Running on localhost:20001
2024/04/05 08:03:39.745 [I] [order_controller.go:29]  checkout request: {UserPubID:7f8fa80d-0465-47cb-9458-73992cf2e341 Details:[{ProductPubID:d6219f47-587b-4719-a585-2627f713012d Qty:1}]}
2024/04/05 08:03:39.795 [D] [server.go:2947]  |            ::1|[97;42m 200 [0m|  51.541375ms|   match|[97;46m POST    [0m /1.0/orders/checkout   r:/1.0/orders/checkout
2024/04/05 08:10:40.312 [I] [asm_arm64.s:1172]  http server Running on http://:20000
2024/04/05 08:10:40.312 [I] [asm_arm64.s:1172]  Admin server Running on localhost:20001
